Apache Maven 3.9.12 (848fbb4bf2d427b72bdb2471c22fced7ebd9a7a1)
Maven home: C:\Users\Bedirhan Eren\.m2\wrapper\dists\apache-maven-3.9.12\59fe215c0ad6947fea90184bf7add084544567b927287592651fda3782e0e798
Java version: 22.0.1, vendor: Oracle Corporation, runtime: C:\Program Files\Java\jdk-22
Default locale: tr_TR, platform encoding: UTF-8
OS name: "windows 11", version: "10.0", arch: "amd64", family: "windows"
[DEBUG] Created new class realm maven.api
[DEBUG] Importing foreign packages into class realm maven.api
[DEBUG]   Imported: javax.annotation.* < plexus.core
[DEBUG]   Imported: javax.annotation.security.* < plexus.core
[DEBUG]   Imported: javax.inject.* < plexus.core
[DEBUG]   Imported: org.apache.maven.* < plexus.core
[DEBUG]   Imported: org.apache.maven.artifact < plexus.core
[DEBUG]   Imported: org.apache.maven.classrealm < plexus.core
[DEBUG]   Imported: org.apache.maven.cli < plexus.core
[DEBUG]   Imported: org.apache.maven.configuration < plexus.core
[DEBUG]   Imported: org.apache.maven.exception < plexus.core
[DEBUG]   Imported: org.apache.maven.execution < plexus.core
[DEBUG]   Imported: org.apache.maven.execution.scope < plexus.core
[DEBUG]   Imported: org.apache.maven.graph < plexus.core
[DEBUG]   Imported: org.apache.maven.lifecycle < plexus.core
[DEBUG]   Imported: org.apache.maven.model < plexus.core
[DEBUG]   Imported: org.apache.maven.monitor < plexus.core
[DEBUG]   Imported: org.apache.maven.plugin < plexus.core
[DEBUG]   Imported: org.apache.maven.profiles < plexus.core
[DEBUG]   Imported: org.apache.maven.project < plexus.core
[DEBUG]   Imported: org.apache.maven.reporting < plexus.core
[DEBUG]   Imported: org.apache.maven.repository < plexus.core
[DEBUG]   Imported: org.apache.maven.rtinfo < plexus.core
[DEBUG]   Imported: org.apache.maven.settings < plexus.core
[DEBUG]   Imported: org.apache.maven.toolchain < plexus.core
[DEBUG]   Imported: org.apache.maven.usability < plexus.core
[DEBUG]   Imported: org.apache.maven.wagon.* < plexus.core
[DEBUG]   Imported: org.apache.maven.wagon.authentication < plexus.core
[DEBUG]   Imported: org.apache.maven.wagon.authorization < plexus.core
[DEBUG]   Imported: org.apache.maven.wagon.events < plexus.core
[DEBUG]   Imported: org.apache.maven.wagon.observers < plexus.core
[DEBUG]   Imported: org.apache.maven.wagon.proxy < plexus.core
[DEBUG]   Imported: org.apache.maven.wagon.repository < plexus.core
[DEBUG]   Imported: org.apache.maven.wagon.resource < plexus.core
[DEBUG]   Imported: org.codehaus.classworlds < plexus.core
[DEBUG]   Imported: org.codehaus.plexus.* < plexus.core
[DEBUG]   Imported: org.codehaus.plexus.classworlds < plexus.core
[DEBUG]   Imported: org.codehaus.plexus.component < plexus.core
[DEBUG]   Imported: org.codehaus.plexus.configuration < plexus.core
[DEBUG]   Imported: org.codehaus.plexus.container < plexus.core
[DEBUG]   Imported: org.codehaus.plexus.context < plexus.core
[DEBUG]   Imported: org.codehaus.plexus.lifecycle < plexus.core
[DEBUG]   Imported: org.codehaus.plexus.logging < plexus.core
[DEBUG]   Imported: org.codehaus.plexus.personality < plexus.core
[DEBUG]   Imported: org.codehaus.plexus.util.xml.Xpp3Dom < plexus.core
[DEBUG]   Imported: org.codehaus.plexus.util.xml.pull.XmlPullParser < plexus.core
[DEBUG]   Imported: org.codehaus.plexus.util.xml.pull.XmlPullParserException < plexus.core
[DEBUG]   Imported: org.codehaus.plexus.util.xml.pull.XmlSerializer < plexus.core
[DEBUG]   Imported: org.eclipse.aether.* < plexus.core
[DEBUG]   Imported: org.eclipse.aether.artifact < plexus.core
[DEBUG]   Imported: org.eclipse.aether.collection < plexus.core
[DEBUG]   Imported: org.eclipse.aether.deployment < plexus.core
[DEBUG]   Imported: org.eclipse.aether.graph < plexus.core
[DEBUG]   Imported: org.eclipse.aether.impl < plexus.core
[DEBUG]   Imported: org.eclipse.aether.installation < plexus.core
[DEBUG]   Imported: org.eclipse.aether.internal.impl < plexus.core
[DEBUG]   Imported: org.eclipse.aether.metadata < plexus.core
[DEBUG]   Imported: org.eclipse.aether.repository < plexus.core
[DEBUG]   Imported: org.eclipse.aether.resolution < plexus.core
[DEBUG]   Imported: org.eclipse.aether.spi < plexus.core
[DEBUG]   Imported: org.eclipse.aether.transfer < plexus.core
[DEBUG]   Imported: org.eclipse.aether.util < plexus.core
[DEBUG]   Imported: org.eclipse.aether.version < plexus.core
[DEBUG]   Imported: org.fusesource.jansi.* < plexus.core
[DEBUG]   Imported: org.slf4j.* < plexus.core
[DEBUG]   Imported: org.slf4j.event.* < plexus.core
[DEBUG]   Imported: org.slf4j.helpers.* < plexus.core
[DEBUG]   Imported: org.slf4j.spi.* < plexus.core
[DEBUG] Populating class realm maven.api
[DEBUG] Created adapter factory; available factories [file-lock, rwlock-local, semaphore-local, noop]; available name mappers [discriminating, file-gaecv, file-gav, file-hgaecv, file-hgav, file-static, gaecv, gav, static]
[INFO] Error stacktraces are turned on.
[DEBUG] Message scheme: color
[DEBUG] Message styles: debug info warning error success failure strong mojo project
[DEBUG] Reading global settings from C:\Users\Bedirhan Eren\.m2\wrapper\dists\apache-maven-3.9.12\59fe215c0ad6947fea90184bf7add084544567b927287592651fda3782e0e798\conf\settings.xml
[DEBUG] Reading user settings from C:\Users\Bedirhan Eren\.m2\settings.xml
[DEBUG] Reading global toolchains from C:\Users\Bedirhan Eren\.m2\wrapper\dists\apache-maven-3.9.12\59fe215c0ad6947fea90184bf7add084544567b927287592651fda3782e0e798\conf\toolchains.xml
[DEBUG] Reading user toolchains from C:\Users\Bedirhan Eren\.m2\toolchains.xml
[DEBUG] Using local repository at C:\Users\Bedirhan Eren\.m2\repository
[DEBUG] Using manager EnhancedLocalRepositoryManager with priority 10.0 for C:\Users\Bedirhan Eren\.m2\repository
[INFO] Scanning for projects...
[DEBUG] Creating adapter using nameMapper 'gaecv' and factory 'rwlock-local'
[DEBUG] Extension realms for project com.bedirhan:CityEventMonitor:jar:0.0.1-SNAPSHOT: (none)
[DEBUG] Looking up lifecycle mappings for packaging jar from ClassRealm[plexus.core, parent: null]
[DEBUG] Extension realms for project org.springframework.boot:spring-boot-starter-parent:pom:3.4.1: (none)
[DEBUG] Looking up lifecycle mappings for packaging pom from ClassRealm[plexus.core, parent: null]
[DEBUG] Extension realms for project org.springframework.boot:spring-boot-dependencies:pom:3.4.1: (none)
[DEBUG] Looking up lifecycle mappings for packaging pom from ClassRealm[plexus.core, parent: null]
[WARNING] 
[WARNING] Some problems were encountered while building the effective model for com.bedirhan:CityEventMonitor:jar:0.0.1-SNAPSHOT
[WARNING] 'dependencies.dependency.(groupId:artifactId:type:classifier)' must be unique: org.projectlombok:lombok:jar -> duplicate declaration of version (?) @ line 83, column 21
[WARNING] 
[WARNING] It is highly recommended to fix these problems because they threaten the stability of your build.
[WARNING] 
[WARNING] For this reason, future Maven versions might no longer support building such malformed projects.
[WARNING] 
[DEBUG] === REACTOR BUILD PLAN ================================================
[DEBUG] Project: com.bedirhan:CityEventMonitor:jar:0.0.1-SNAPSHOT
[DEBUG] Tasks:   [compile]
[DEBUG] Style:   Regular
[DEBUG] =======================================================================
[INFO] 
[INFO] -------------------< com.bedirhan:CityEventMonitor >--------------------
[INFO] Building CityEventMonitor 0.0.1-SNAPSHOT
[INFO]   from pom.xml
[INFO] --------------------------------[ jar ]---------------------------------
[DEBUG] Lifecycle clean -> [pre-clean, clean, post-clean]
[DEBUG] Lifecycle default -> [validate, initialize, generate-sources, process-sources, generate-resources, process-resources, compile, process-classes, generate-test-sources, process-test-sources, generate-test-resources, process-test-resources, test-compile, process-test-classes, test, prepare-package, package, pre-integration-test, integration-test, post-integration-test, verify, install, deploy]
[DEBUG] Lifecycle site -> [pre-site, site, post-site, site-deploy]
[DEBUG] Lifecycle clean -> [pre-clean, clean, post-clean]
[DEBUG] Lifecycle default -> [validate, initialize, generate-sources, process-sources, generate-resources, process-resources, compile, process-classes, generate-test-sources, process-test-sources, generate-test-resources, process-test-resources, test-compile, process-test-classes, test, prepare-package, package, pre-integration-test, integration-test, post-integration-test, verify, install, deploy]
[DEBUG] Lifecycle site -> [pre-site, site, post-site, site-deploy]
[DEBUG] Lifecycle clean -> [pre-clean, clean, post-clean]
[DEBUG] Lifecycle default -> [validate, initialize, generate-sources, process-sources, generate-resources, process-resources, compile, process-classes, generate-test-sources, process-test-sources, generate-test-resources, process-test-resources, test-compile, process-test-classes, test, prepare-package, package, pre-integration-test, integration-test, post-integration-test, verify, install, deploy]
[DEBUG] Lifecycle site -> [pre-site, site, post-site, site-deploy]
[DEBUG] === PROJECT BUILD PLAN ================================================
[DEBUG] Project:       com.bedirhan:CityEventMonitor:0.0.1-SNAPSHOT
[DEBUG] Dependencies (collect): []
[DEBUG] Dependencies (resolve): [compile]
[DEBUG] Repositories (dependencies): [central (https://repo.maven.apache.org/maven2, default, releases)]
[DEBUG] Repositories (plugins)     : [central (https://repo.maven.apache.org/maven2, default, releases)]
[DEBUG] -----------------------------------------------------------------------
[DEBUG] Goal:          org.apache.maven.plugins:maven-resources-plugin:3.3.1:resources (default-resources)
[DEBUG] Style:         Regular
[DEBUG] Configuration: <?xml version="1.0" encoding="UTF-8"?>
<configuration>
  <addDefaultExcludes default-value="true"/>
  <buildFilters default-value="${project.build.filters}"/>
  <delimiters>
    <delimiter>@</delimiter>
  </delimiters>
  <encoding default-value="${project.build.sourceEncoding}"/>
  <escapeWindowsPaths default-value="true"/>
  <fileNameFiltering default-value="false"/>
  <includeEmptyDirs default-value="false"/>
  <outputDirectory default-value="${project.build.outputDirectory}"/>
  <overwrite default-value="false"/>
  <project default-value="${project}"/>
  <propertiesEncoding>UTF-8</propertiesEncoding>
  <resources default-value="${project.resources}"/>
  <session default-value="${session}"/>
  <skip default-value="false">${maven.resources.skip}</skip>
  <supportMultiLineFiltering default-value="false"/>
  <useBuildFilters default-value="true"/>
  <useDefaultDelimiters default-value="true">false</useDefaultDelimiters>
</configuration>
[DEBUG] -----------------------------------------------------------------------
[DEBUG] Goal:          org.apache.maven.plugins:maven-compiler-plugin:3.13.0:compile (default-compile)
[DEBUG] Style:         Regular
[DEBUG] Configuration: <?xml version="1.0" encoding="UTF-8"?>
<configuration>
  <annotationProcessorPaths>
    <path>
      <groupId>org.projectlombok</groupId>
      <artifactId>lombok</artifactId>
    </path>
  </annotationProcessorPaths>
  <annotationProcessorPathsUseDepMgmt default-value="false"/>
  <basedir default-value="${basedir}"/>
  <buildDirectory default-value="${project.build.directory}"/>
  <compilePath default-value="${project.compileClasspathElements}"/>
  <compileSourceRoots default-value="${project.compileSourceRoots}"/>
  <compilerId default-value="javac">${maven.compiler.compilerId}</compilerId>
  <compilerReuseStrategy default-value="${reuseCreated}">${maven.compiler.compilerReuseStrategy}</compilerReuseStrategy>
  <compilerVersion>${maven.compiler.compilerVersion}</compilerVersion>
  <createMissingPackageInfoClass default-value="true">${maven.compiler.createMissingPackageInfoClass}</createMissingPackageInfoClass>
  <debug default-value="true">${maven.compiler.debug}</debug>
  <debugFileName default-value="javac"/>
  <debuglevel>${maven.compiler.debuglevel}</debuglevel>
  <enablePreview default-value="false">${maven.compiler.enablePreview}</enablePreview>
  <encoding default-value="${project.build.sourceEncoding}">${encoding}</encoding>
  <executable>${maven.compiler.executable}</executable>
  <failOnError default-value="true">${maven.compiler.failOnError}</failOnError>
  <failOnWarning default-value="false">${maven.compiler.failOnWarning}</failOnWarning>
  <fileExtensions default-value="class,jar"/>
  <forceJavacCompilerUse default-value="false">${maven.compiler.forceJavacCompilerUse}</forceJavacCompilerUse>
  <forceLegacyJavacApi default-value="false">${maven.compiler.forceLegacyJavacApi}</forceLegacyJavacApi>
  <fork default-value="false">${maven.compiler.fork}</fork>
  <generatedSourcesDirectory default-value="${project.build.directory}/generated-sources/annotations"/>
  <implicit>${maven.compiler.implicit}</implicit>
  <maxmem>${maven.compiler.maxmem}</maxmem>
  <meminitial>${maven.compiler.meminitial}</meminitial>
  <mojoExecution default-value="${mojoExecution}"/>
  <optimize default-value="false">${maven.compiler.optimize}</optimize>
  <outputDirectory default-value="${project.build.outputDirectory}">${maven.compiler.outputDirectory}</outputDirectory>
  <outputTimestamp default-value="${project.build.outputTimestamp}"/>
  <parameters default-value="false">true</parameters>
  <proc>${maven.compiler.proc}</proc>
  <project default-value="${project}"/>
  <projectArtifact default-value="${project.artifact}"/>
  <release>${maven.compiler.release}</release>
  <session default-value="${session}"/>
  <showCompilationChanges default-value="false">${maven.compiler.showCompilationChanges}</showCompilationChanges>
  <showDeprecation default-value="false">${maven.compiler.showDeprecation}</showDeprecation>
  <showWarnings default-value="true">${maven.compiler.showWarnings}</showWarnings>
  <skipMain>${maven.main.skip}</skipMain>
  <skipMultiThreadWarning default-value="false">${maven.compiler.skipMultiThreadWarning}</skipMultiThreadWarning>
  <source default-value="1.8">${maven.compiler.source}</source>
  <staleMillis default-value="0">${lastModGranularityMs}</staleMillis>
  <target default-value="1.8">${maven.compiler.target}</target>
  <useIncrementalCompilation default-value="true">${maven.compiler.useIncrementalCompilation}</useIncrementalCompilation>
  <verbose default-value="false">${maven.compiler.verbose}</verbose>
</configuration>
[DEBUG] =======================================================================
[DEBUG] Using mirror maven-default-http-blocker (http://0.0.0.0/) for vaadin-snapshots (http://oss.sonatype.org/content/repositories/vaadin-snapshots/).
[DEBUG] Using mirror maven-default-http-blocker (http://0.0.0.0/) for vaadin-releases (http://oss.sonatype.org/content/repositories/vaadin-releases/).
[DEBUG] Dependency collection stats {ConflictMarker.analyzeTime=1517500, ConflictMarker.markTime=585000, ConflictMarker.nodeCount=251, ConflictIdSorter.graphTime=1195200, ConflictIdSorter.topsortTime=603300, ConflictIdSorter.conflictIdCount=111, ConflictIdSorter.conflictIdCycleCount=0, ConflictResolver.totalTime=15637000, ConflictResolver.conflictItemCount=247, DfDependencyCollector.collectTime=644311400, DfDependencyCollector.transformTime=21729800}
[DEBUG] com.bedirhan:CityEventMonitor:jar:0.0.1-SNAPSHOT
[DEBUG]    org.springframework.boot:spring-boot-starter-data-mongodb:jar:3.4.1:compile
[DEBUG]       org.springframework.boot:spring-boot-starter:jar:3.4.1:compile (version managed from 3.4.1)
[DEBUG]          org.springframework.boot:spring-boot-starter-logging:jar:3.4.1:compile (version managed from 3.4.1)
[DEBUG]             ch.qos.logback:logback-classic:jar:1.5.12:compile (version managed from 1.5.12)
[DEBUG]                ch.qos.logback:logback-core:jar:1.5.12:compile (version managed from 1.5.12)
[DEBUG]             org.apache.logging.log4j:log4j-to-slf4j:jar:2.24.3:compile (version managed from 2.24.3)
[DEBUG]                org.apache.logging.log4j:log4j-api:jar:2.24.3:compile (version managed from 2.24.3)
[DEBUG]             org.slf4j:jul-to-slf4j:jar:2.0.16:compile (version managed from 2.0.16)
[DEBUG]          jakarta.annotation:jakarta.annotation-api:jar:2.1.1:compile (version managed from 2.1.1)
[DEBUG]          org.yaml:snakeyaml:jar:2.3:compile (version managed from 2.3)
[DEBUG]       org.mongodb:mongodb-driver-sync:jar:5.2.1:compile (version managed from 5.2.1)
[DEBUG]          org.mongodb:bson:jar:5.2.1:compile (version managed from 5.2.1)
[DEBUG]          org.mongodb:mongodb-driver-core:jar:5.2.1:compile (version managed from 5.2.1)
[DEBUG]             org.mongodb:bson-record-codec:jar:5.2.1:runtime (version managed from 5.2.1)
[DEBUG]       org.springframework.data:spring-data-mongodb:jar:4.4.1:compile (version managed from 4.4.1)
[DEBUG]          org.springframework:spring-tx:jar:6.2.1:compile (version managed from 6.2.1)
[DEBUG]          org.springframework:spring-context:jar:6.2.1:compile (version managed from 6.2.1)
[DEBUG]          org.springframework:spring-beans:jar:6.2.1:compile (version managed from 6.2.1)
[DEBUG]          org.springframework:spring-expression:jar:6.2.1:compile (version managed from 6.2.1)
[DEBUG]          org.springframework.data:spring-data-commons:jar:3.4.1:compile (version managed from 3.4.1)
[DEBUG]          org.slf4j:slf4j-api:jar:2.0.16:compile (version managed from 2.0.2)
[DEBUG]    org.jsoup:jsoup:jar:1.17.2:compile
[DEBUG]    org.springframework.boot:spring-boot-starter-web:jar:3.4.1:compile
[DEBUG]       org.springframework.boot:spring-boot-starter-json:jar:3.4.1:compile (version managed from 3.4.1)
[DEBUG]          com.fasterxml.jackson.core:jackson-databind:jar:2.18.2:compile (version managed from 2.18.2)
[DEBUG]             com.fasterxml.jackson.core:jackson-annotations:jar:2.18.2:compile (version managed from 2.18.2)
[DEBUG]             com.fasterxml.jackson.core:jackson-core:jar:2.18.2:compile (version managed from 2.18.2)
[DEBUG]          com.fasterxml.jackson.datatype:jackson-datatype-jdk8:jar:2.18.2:compile (version managed from 2.18.2)
[DEBUG]          com.fasterxml.jackson.datatype:jackson-datatype-jsr310:jar:2.18.2:compile (version managed from 2.18.2)
[DEBUG]          com.fasterxml.jackson.module:jackson-module-parameter-names:jar:2.18.2:compile (version managed from 2.18.2)
[DEBUG]       org.springframework.boot:spring-boot-starter-tomcat:jar:3.4.1:compile (version managed from 3.4.1)
[DEBUG]          org.apache.tomcat.embed:tomcat-embed-core:jar:10.1.34:compile (version managed from 10.1.34)
[DEBUG]          org.apache.tomcat.embed:tomcat-embed-el:jar:10.1.34:compile (version managed from 10.1.34)
[DEBUG]          org.apache.tomcat.embed:tomcat-embed-websocket:jar:10.1.34:compile (version managed from 10.1.34)
[DEBUG]       org.springframework:spring-web:jar:6.2.1:compile (version managed from 6.2.1)
[DEBUG]          io.micrometer:micrometer-observation:jar:1.14.2:compile (version managed from 1.14.2)
[DEBUG]             io.micrometer:micrometer-commons:jar:1.14.2:compile (version managed from 1.14.2)
[DEBUG]       org.springframework:spring-webmvc:jar:6.2.1:compile (version managed from 6.2.1)
[DEBUG]          org.springframework:spring-aop:jar:6.2.1:compile (version managed from 6.2.1)
[DEBUG]    org.springframework.boot:spring-boot-starter-webflux:jar:3.4.1:compile
[DEBUG]       org.springframework.boot:spring-boot-starter-reactor-netty:jar:3.4.1:compile (version managed from 3.4.1)
[DEBUG]          io.projectreactor.netty:reactor-netty-http:jar:1.2.1:compile (version managed from 1.2.1)
[DEBUG]             io.netty:netty-codec-http:jar:4.1.116.Final:compile (version managed from 4.1.115.Final)
[DEBUG]                io.netty:netty-common:jar:4.1.116.Final:compile (version managed from 4.1.116.Final)
[DEBUG]                io.netty:netty-buffer:jar:4.1.116.Final:compile (version managed from 4.1.116.Final)
[DEBUG]                io.netty:netty-transport:jar:4.1.116.Final:compile (version managed from 4.1.116.Final)
[DEBUG]                io.netty:netty-codec:jar:4.1.116.Final:compile (version managed from 4.1.116.Final)
[DEBUG]                io.netty:netty-handler:jar:4.1.116.Final:compile (version managed from 4.1.116.Final)
[DEBUG]             io.netty:netty-codec-http2:jar:4.1.116.Final:compile (version managed from 4.1.115.Final)
[DEBUG]             io.netty:netty-resolver-dns:jar:4.1.116.Final:compile (version managed from 4.1.115.Final)
[DEBUG]                io.netty:netty-resolver:jar:4.1.116.Final:compile (version managed from 4.1.116.Final)
[DEBUG]                io.netty:netty-codec-dns:jar:4.1.116.Final:compile (version managed from 4.1.116.Final)
[DEBUG]             io.netty:netty-resolver-dns-native-macos:jar:osx-x86_64:4.1.116.Final:compile (version managed from 4.1.115.Final)
[DEBUG]                io.netty:netty-resolver-dns-classes-macos:jar:4.1.116.Final:compile (version managed from 4.1.116.Final)
[DEBUG]             io.netty:netty-transport-native-epoll:jar:linux-x86_64:4.1.116.Final:compile (version managed from 4.1.115.Final)
[DEBUG]                io.netty:netty-transport-native-unix-common:jar:4.1.116.Final:compile (version managed from 4.1.116.Final)
[DEBUG]                io.netty:netty-transport-classes-epoll:jar:4.1.116.Final:compile (version managed from 4.1.116.Final)
[DEBUG]             io.projectreactor.netty:reactor-netty-core:jar:1.2.1:compile (version managed from 1.2.1)
[DEBUG]                io.netty:netty-handler-proxy:jar:4.1.116.Final:compile (version managed from 4.1.115.Final)
[DEBUG]                   io.netty:netty-codec-socks:jar:4.1.116.Final:compile (version managed from 4.1.116.Final)
[DEBUG]       org.springframework:spring-webflux:jar:6.2.1:compile (version managed from 6.2.1)
[DEBUG]          io.projectreactor:reactor-core:jar:3.7.1:compile (version managed from 3.7.1)
[DEBUG]             org.reactivestreams:reactive-streams:jar:1.0.4:compile (version managed from 1.0.4)
[DEBUG]    org.springframework:spring-core:jar:6.2.1:compile
[DEBUG]       org.springframework:spring-jcl:jar:6.2.1:compile (version managed from 6.2.1)
[DEBUG]    org.springframework.boot:spring-boot-devtools:jar:3.4.1:runtime (optional)
[DEBUG]       org.springframework.boot:spring-boot:jar:3.4.1:compile (version managed from 3.4.1)
[DEBUG]       org.springframework.boot:spring-boot-autoconfigure:jar:3.4.1:compile (version managed from 3.4.1)
[DEBUG]    org.projectlombok:lombok:jar:1.18.36:provided
[DEBUG]    org.springframework.boot:spring-boot-starter-test:jar:3.4.1:test
[DEBUG]       org.springframework.boot:spring-boot-test:jar:3.4.1:test (version managed from 3.4.1)
[DEBUG]       org.springframework.boot:spring-boot-test-autoconfigure:jar:3.4.1:test (version managed from 3.4.1)
[DEBUG]       com.jayway.jsonpath:json-path:jar:2.9.0:test (version managed from 2.9.0)
[DEBUG]       jakarta.xml.bind:jakarta.xml.bind-api:jar:4.0.2:test (version managed from 4.0.2)
[DEBUG]          jakarta.activation:jakarta.activation-api:jar:2.1.3:test (version managed from 2.1.3)
[DEBUG]       net.minidev:json-smart:jar:2.5.1:test (version managed from 2.5.1)
[DEBUG]          net.minidev:accessors-smart:jar:2.5.1:test
[DEBUG]             org.ow2.asm:asm:jar:9.6:test
[DEBUG]       org.assertj:assertj-core:jar:3.26.3:test (version managed from 3.26.3)
[DEBUG]          net.bytebuddy:byte-buddy:jar:1.15.11:test (version managed from 1.14.18)
[DEBUG]       org.awaitility:awaitility:jar:4.2.2:test (version managed from 4.2.2)
[DEBUG]       org.hamcrest:hamcrest:jar:2.2:test (version managed from 2.2)
[DEBUG]       org.junit.jupiter:junit-jupiter:jar:5.11.4:test (version managed from 5.11.4)
[DEBUG]          org.junit.jupiter:junit-jupiter-api:jar:5.11.4:test (version managed from 5.11.4)
[DEBUG]             org.opentest4j:opentest4j:jar:1.3.0:test
[DEBUG]             org.junit.platform:junit-platform-commons:jar:1.11.4:test (version managed from 1.11.4)
[DEBUG]             org.apiguardian:apiguardian-api:jar:1.1.2:test
[DEBUG]          org.junit.jupiter:junit-jupiter-params:jar:5.11.4:test (version managed from 5.11.4)
[DEBUG]          org.junit.jupiter:junit-jupiter-engine:jar:5.11.4:test (version managed from 5.11.4)
[DEBUG]             org.junit.platform:junit-platform-engine:jar:1.11.4:test (version managed from 1.11.4)
[DEBUG]       org.mockito:mockito-core:jar:5.14.2:test (version managed from 5.14.2)
[DEBUG]          net.bytebuddy:byte-buddy-agent:jar:1.15.11:test (version managed from 1.15.4)
[DEBUG]          org.objenesis:objenesis:jar:3.3:test
[DEBUG]       org.mockito:mockito-junit-jupiter:jar:5.14.2:test (version managed from 5.14.2)
[DEBUG]       org.skyscreamer:jsonassert:jar:1.5.3:test (version managed from 1.5.3)
[DEBUG]          com.vaadin.external.google:android-json:jar:0.0.20131108.vaadin1:test
[DEBUG]       org.springframework:spring-test:jar:6.2.1:test (version managed from 6.2.1)
[DEBUG]       org.xmlunit:xmlunit-core:jar:2.10.0:test (version managed from 2.10.0)
[DEBUG]    com.squareup.okhttp3:mockwebserver:jar:4.12.0:test
[DEBUG]       com.squareup.okhttp3:okhttp:jar:4.12.0:test
[DEBUG]          com.squareup.okio:okio:jar:3.6.0:test
[DEBUG]             com.squareup.okio:okio-jvm:jar:3.6.0:test
[DEBUG]                org.jetbrains.kotlin:kotlin-stdlib-common:jar:1.9.25:test (version managed from 1.9.10)
[DEBUG]       junit:junit:jar:4.13.2:test (version managed from 4.13.2)
[DEBUG]          org.hamcrest:hamcrest-core:jar:2.2:test (version managed from 1.3)
[DEBUG]       org.jetbrains.kotlin:kotlin-stdlib-jdk8:jar:1.9.25:test (version managed from 1.8.21)
[DEBUG]          org.jetbrains.kotlin:kotlin-stdlib:jar:1.9.25:test (version managed from 1.9.25)
[DEBUG]             org.jetbrains:annotations:jar:13.0:test
[DEBUG]          org.jetbrains.kotlin:kotlin-stdlib-jdk7:jar:1.9.25:test (version managed from 1.9.25)
[DEBUG]    org.apache.commons:commons-text:jar:1.11.0:compile
[DEBUG]       org.apache.commons:commons-lang3:jar:3.17.0:compile (version managed from 3.13.0)
[INFO] 
[INFO] --- resources:3.3.1:resources (default-resources) @ CityEventMonitor ---
[DEBUG] Dependency collection stats {ConflictMarker.analyzeTime=279500, ConflictMarker.markTime=80500, ConflictMarker.nodeCount=13, ConflictIdSorter.graphTime=179500, ConflictIdSorter.topsortTime=22200, ConflictIdSorter.conflictIdCount=9, ConflictIdSorter.conflictIdCycleCount=0, ConflictResolver.totalTime=310100, ConflictResolver.conflictItemCount=13, DfDependencyCollector.collectTime=77363500, DfDependencyCollector.transformTime=897800}
[DEBUG] org.apache.maven.plugins:maven-resources-plugin:jar:3.3.1
[DEBUG]    org.codehaus.plexus:plexus-interpolation:jar:1.26:runtime
[DEBUG]    org.codehaus.plexus:plexus-utils:jar:3.5.1:compile
[DEBUG]    org.apache.maven.shared:maven-filtering:jar:3.3.1:compile
[DEBUG]       javax.inject:javax.inject:jar:1:compile
[DEBUG]       org.slf4j:slf4j-api:jar:1.7.36:compile
[DEBUG]       org.sonatype.plexus:plexus-build-api:jar:0.0.7:compile
[DEBUG]    commons-io:commons-io:jar:2.11.0:compile
[DEBUG]    org.apache.commons:commons-lang3:jar:3.12.0:compile
[DEBUG] Created new class realm plugin>org.apache.maven.plugins:maven-resources-plugin:3.3.1
[DEBUG] Importing foreign packages into class realm plugin>org.apache.maven.plugins:maven-resources-plugin:3.3.1
[DEBUG]   Imported:  < maven.api
[DEBUG] Populating class realm plugin>org.apache.maven.plugins:maven-resources-plugin:3.3.1
[DEBUG]   Included: org.apache.maven.plugins:maven-resources-plugin:jar:3.3.1
[DEBUG]   Included: org.codehaus.plexus:plexus-interpolation:jar:1.26
[DEBUG]   Included: org.codehaus.plexus:plexus-utils:jar:3.5.1
[DEBUG]   Included: org.apache.maven.shared:maven-filtering:jar:3.3.1
[DEBUG]   Included: org.sonatype.plexus:plexus-build-api:jar:0.0.7
[DEBUG]   Included: commons-io:commons-io:jar:2.11.0
[DEBUG]   Included: org.apache.commons:commons-lang3:jar:3.12.0
[DEBUG] Loading mojo org.apache.maven.plugins:maven-resources-plugin:3.3.1:resources from plugin realm ClassRealm[plugin>org.apache.maven.plugins:maven-resources-plugin:3.3.1, parent: jdk.internal.loader.ClassLoaders$AppClassLoader@3d4eac69]
[DEBUG] Configuring mojo execution 'org.apache.maven.plugins:maven-resources-plugin:3.3.1:resources:default-resources' with basic configurator -->
[DEBUG]   (f) addDefaultExcludes = true
[DEBUG]   (f) buildFilters = []
[DEBUG]   (s) delimiters = [@]
[DEBUG]   (f) encoding = UTF-8
[DEBUG]   (f) escapeWindowsPaths = true
[DEBUG]   (f) fileNameFiltering = false
[DEBUG]   (s) includeEmptyDirs = false
[DEBUG]   (s) outputDirectory = C:\Users\Bedirhan Eren\IdeaProjects\CityEventMonitor\target\classes
[DEBUG]   (s) overwrite = false
[DEBUG]   (f) project = MavenProject: com.bedirhan:CityEventMonitor:0.0.1-SNAPSHOT @ C:\Users\Bedirhan Eren\IdeaProjects\CityEventMonitor\pom.xml
[DEBUG]   (f) propertiesEncoding = UTF-8
[DEBUG]   (s) resources = [Resource {targetPath: null, filtering: true, FileSet {directory: C:\Users\Bedirhan Eren\IdeaProjects\CityEventMonitor\src\main\resources, PatternSet [includes: {**/application*.yml, **/application*.yaml, **/application*.properties}, excludes: {}]}}, Resource {targetPath: null, filtering: false, FileSet {directory: C:\Users\Bedirhan Eren\IdeaProjects\CityEventMonitor\src\main\resources, PatternSet [includes: {}, excludes: {**/application*.yml, **/application*.yaml, **/application*.properties}]}}]
[DEBUG]   (f) session = org.apache.maven.execution.MavenSession@69d45cca
[DEBUG]   (f) skip = false
[DEBUG]   (f) supportMultiLineFiltering = false
[DEBUG]   (f) useBuildFilters = true
[DEBUG]   (s) useDefaultDelimiters = false
[DEBUG] -- end configuration --
[DEBUG] properties used:
[DEBUG] activemq.version: 6.1.4
[DEBUG] angus-mail.version: 2.0.3
[DEBUG] artemis.version: 2.37.0
[DEBUG] aspectj.version: 1.9.22.1
[DEBUG] assertj.version: 3.26.3
[DEBUG] awaitility.version: 4.2.2
[DEBUG] brave.version: 6.0.3
[DEBUG] build-helper-maven-plugin.version: 3.6.0
[DEBUG] byte-buddy.version: 1.15.11
[DEBUG] cache2k.version: 2.6.1.Final
[DEBUG] caffeine.version: 3.1.8
[DEBUG] cassandra-driver.version: 4.18.1
[DEBUG] classmate.version: 1.7.0
[DEBUG] classworlds.conf: C:\Users\Bedirhan Eren\.m2\wrapper\dists\apache-maven-3.9.12\59fe215c0ad6947fea90184bf7add084544567b927287592651fda3782e0e798\bin\m2.conf
[DEBUG] commons-codec.version: 1.17.1
[DEBUG] commons-dbcp2.version: 2.12.0
[DEBUG] commons-lang3.version: 3.17.0
[DEBUG] commons-pool.version: 1.6
[DEBUG] commons-pool2.version: 2.12.0
[DEBUG] couchbase-client.version: 3.7.6
[DEBUG] crac.version: 1.5.0
[DEBUG] cyclonedx-maven-plugin.version: 2.9.1
[DEBUG] db2-jdbc.version: 11.5.9.0
[DEBUG] dependency-management-plugin.version: 1.1.7
[DEBUG] derby.version: 10.16.1.1
[DEBUG] ehcache3.version: 3.10.8
[DEBUG] elasticsearch-client.version: 8.15.5
[DEBUG] env.=C:: C:\Users\Bedirhan Eren\IdeaProjects\CityEventMonitor
[DEBUG] env.=EXITCODE: 00000000
[DEBUG] env.ALLUSERSPROFILE: C:\ProgramData
[DEBUG] env.AMDRMSDKPATH: C:\Program Files\AMD\RyzenMasterSDK\
[DEBUG] env.ANTIGRAVITY_AGENT: 1
[DEBUG] env.ANTIGRAVITY_CLI_ALIAS: agy
[DEBUG] env.APPDATA: C:\Users\Bedirhan Eren\AppData\Roaming
[DEBUG] env.CHROME_CRASHPAD_PIPE_NAME: \\.\pipe\crashpad_45536_BIKMJQTXJKLSMOMR
[DEBUG] env.CLASSWORLDS_JAR: "C:\Users\Bedirhan Eren\.m2\wrapper\dists\apache-maven-3.9.12\59fe215c0ad6947fea90184bf7add084544567b927287592651fda3782e0e798\boot\plexus-classworlds-2.9.0.jar"
[DEBUG] env.CLASSWORLDS_LAUNCHER: org.codehaus.plexus.classworlds.launcher.Launcher
[DEBUG] env.COLORTERM: truecolor
[DEBUG] env.COMMONPROGRAMFILES: C:\Program Files\Common Files
[DEBUG] env.COMMONPROGRAMFILES(X86): C:\Program Files (x86)\Common Files
[DEBUG] env.COMMONPROGRAMW6432: C:\Program Files\Common Files
[DEBUG] env.COMPUTERNAME: HP-VICTUS16
[DEBUG] env.COMSPEC: C:\WINDOWS\system32\cmd.exe
[DEBUG] env.DRIVERDATA: C:\Windows\System32\Drivers\DriverData
[DEBUG] env.EFC_12468_1592913036: 1
[DEBUG] env.ERROR_CODE: 0
[DEBUG] env.EXEC_DIR: C:\Users\Bedirhan Eren\IdeaProjects\CityEventMonitor
[DEBUG] env.FFMPEG: C:\Users\Bedirhan Eren\Desktop\ffmpeg-2025-10-27-git-68152978b5-essentials_build\bin
[DEBUG] env.GIT_ASKPASS: c:\Users\Bedirhan Eren\AppData\Local\Programs\Antigravity\resources\app\extensions\git\dist\askpass.sh
[DEBUG] env.HOMEDRIVE: C:
[DEBUG] env.HOMEPATH: \Users\Bedirhan Eren
[DEBUG] env.INTERNAL_MAVEN_OPTS: --enable-native-access=ALL-UNNAMED 
[DEBUG] env.JAVACMD: C:\Program Files\Common Files\Oracle\Java\javapath\java.exe
[DEBUG] env.JVMCONFIG: \.mvn\jvm.config
[DEBUG] env.LANG: en_US.UTF-8
[DEBUG] env.LOCALAPPDATA: C:\Users\Bedirhan Eren\AppData\Local
[DEBUG] env.LOGONSERVER: \\HP-VICTUS16
[DEBUG] env.MAVEN_CMD_LINE_ARGS: compile -X
[DEBUG] env.MAVEN_HOME: C:\Users\Bedirhan Eren\.m2\wrapper\dists\apache-maven-3.9.12\59fe215c0ad6947fea90184bf7add084544567b927287592651fda3782e0e798
[DEBUG] env.MAVEN_PROJECTBASEDIR: C:\Users\Bedirhan Eren\IdeaProjects\CityEventMonitor
[DEBUG] env.NUMBER_OF_PROCESSORS: 16
[DEBUG] env.ONEDRIVE: C:\Users\Bedirhan Eren\OneDrive
[DEBUG] env.OS: Windows_NT
[DEBUG] env.PAGER: cat
[DEBUG] env.PATH: c:\Users\Bedirhan Eren\AppData\Local\Programs\cursor\resources\app\bin;C:\Program Files (x86)\VMware\VMware Workstation\bin\;C:\Program Files\Common Files\Oracle\Java\javapath;C:\Program Files (x86)\Common Files\Oracle\Java\java8path;C:\Program Files (x86)\Common Files\Oracle\Java\javapath;C:\Windows\system32;C:\Windows;C:\Windows\System32\Wbem;C:\Windows\System32\WindowsPowerShell\v1.0\;C:\Windows\System32\OpenSSH\;C:\Program Files (x86)\NVIDIA Corporation\PhysX\Common;C:\Users\Bedirhan Eren\OneDrive\Belgeler\flutter\bin;C:\Program Files\Java\jdk-22\bin;C:\MinGW\bin;C:\Program Files\Git\cmd;C:\Program Files\Microsoft SQL Server\150\Tools\Binn\;C:\Program Files\Microsoft SQL Server\Client SDK\ODBC\170\Tools\Binn\;C:\Program Files\dotnet\;C:\Program Files (x86)\Microsoft SQL Server\160\Tools\Binn\;C:\Program Files\Microsoft SQL Server\160\Tools\Binn\;C:\Program Files\Microsoft SQL Server\160\DTS\Binn\;C:\Program Files (x86)\Microsoft SQL Server\160\DTS\Binn\;C;C:\Program Files\NVIDIA Corporation\NVIDIA app\NvDLISR;C:\WINDOWS\system32;C:\WINDOWS;C:\WINDOWS\System32\Wbem;C:\WINDOWS\System32\WindowsPowerShell\v1.0\;C:\WINDOWS\System32\OpenSSH\;C:\Users\Bedirhan Eren\Desktop\ffmpeg-7.1.1-essentials_build\bin;C:\Users\Bedirhan Eren\Desktop\ffmpeg-2025-04-23-git-25b0a8e295-essentials_build\bin;C:\Users\Bedirhan Eren\AppData\Local\Packages\PythonSoftwareFoundation.Python.3.11_qbz5n2kfra8p0\LocalCache\local-packages\Python311\Scripts;C:\Program Files\nodejs\;C:\Program Files\MATLAB\R2025b\bin;C:\Users\Bedirhan Eren\AppData\Local\Microsoft\WindowsApps;C:\Users\Bedirhan Eren\AppData\Local\Programs\Microsoft VS Code\bin;C:\Users\Bedirhan Eren\AppData\Local\GitHubDesktop\bin;C:\Users\Bedirhan Eren\.dotnet\tools;C:\Users\Bedirhan Eren\AppData\Local\Programs\cursor\resources\app\bin;C:\Users\Bedirhan Eren\AppData\Roaming\npm;C:\Users\Bedirhan Eren\AppData\Local\Programs\Antigravity\bin
[DEBUG] env.PATHEXT: .COM;.EXE;.BAT;.CMD;.VBS;.VBE;.JS;.JSE;.WSF;.WSH;.MSC;.CPL
[DEBUG] env.PROCESSOR_ARCHITECTURE: AMD64
[DEBUG] env.PROCESSOR_IDENTIFIER: AMD64 Family 25 Model 116 Stepping 1, AuthenticAMD
[DEBUG] env.PROCESSOR_LEVEL: 25
[DEBUG] env.PROCESSOR_REVISION: 7401
[DEBUG] env.PROGRAMDATA: C:\ProgramData
[DEBUG] env.PROGRAMFILES: C:\Program Files
[DEBUG] env.PROGRAMFILES(X86): C:\Program Files (x86)
[DEBUG] env.PROGRAMW6432: C:\Program Files
[DEBUG] env.PROMPT: $P$G
[DEBUG] env.PSMODULEPATH: C:\Users\Bedirhan Eren\Documents\WindowsPowerShell\Modules;C:\Program Files\WindowsPowerShell\Modules;C:\WINDOWS\system32\WindowsPowerShell\v1.0\Modules;C:\Program Files (x86)\Microsoft SQL Server\160\Tools\PowerShell\Modules\
[DEBUG] env.PUBLIC: C:\Users\Public
[DEBUG] env.RID: fde96578-6f35-4205-a8be-f6294e46699d
[DEBUG] env.SESSIONNAME: Console
[DEBUG] env.SYSTEMDRIVE: C:
[DEBUG] env.SYSTEMROOT: C:\WINDOWS
[DEBUG] env.TEMP: C:\Users\BEDIRH~2\AppData\Local\Temp
[DEBUG] env.TERM_PROGRAM: vscode
[DEBUG] env.TERM_PROGRAM_VERSION: 1.107.0
[DEBUG] env.TMP: C:\Users\BEDIRH~2\AppData\Local\Temp
[DEBUG] env.USERDOMAIN: HP-VICTUS16
[DEBUG] env.USERDOMAIN_ROAMINGPROFILE: HP-VICTUS16
[DEBUG] env.USERNAME: Bedirhan Eren
[DEBUG] env.USERPROFILE: C:\Users\Bedirhan Eren
[DEBUG] env.VBOX_HWVIRTEX_IGNORE_SVM_IN_USE: 1
[DEBUG] env.VSCODE_GIT_ASKPASS_EXTRA_ARGS: 
[DEBUG] env.VSCODE_GIT_ASKPASS_MAIN: c:\Users\Bedirhan Eren\AppData\Local\Programs\Antigravity\resources\app\extensions\git\dist\askpass-main.js
[DEBUG] env.VSCODE_GIT_ASKPASS_NODE: C:\Users\Bedirhan Eren\AppData\Local\Programs\Antigravity\Antigravity.exe
[DEBUG] env.VSCODE_GIT_IPC_HANDLE: \\.\pipe\vscode-git-fb3e52483b-sock
[DEBUG] env.VSCODE_INJECTION: 1
[DEBUG] env.VSCODE_JDWP_ADAPTER_ENDPOINTS: c:\Users\Bedirhan Eren\.antigravity\extensions\vscjava.vscode-java-debug-0.58.5-universal\.noConfigDebugAdapterEndpoints\endpoint-e43908055145e4db.txt
[DEBUG] env.VSCODE_PYTHON_AUTOACTIVATE_GUARD: 1
[DEBUG] env.WDIR: C:\Users\Bedirhan Eren\IdeaProjects\CityEventMonitor
[DEBUG] env.WINDIR: C:\WINDOWS
[DEBUG] env.__MVNW_CMD__: C:\Users\Bedirhan Eren/.m2/wrapper/dists/apache-maven-3.9.12/59fe215c0ad6947fea90184bf7add084544567b927287592651fda3782e0e798/bin/mvn.cmd
[DEBUG] file.encoding: UTF-8
[DEBUG] file.separator: \
[DEBUG] flyway.version: 10.20.1
[DEBUG] freemarker.version: 2.3.33
[DEBUG] git-commit-id-maven-plugin.version: 9.0.1
[DEBUG] glassfish-jaxb.version: 4.0.5
[DEBUG] glassfish-jstl.version: 3.0.1
[DEBUG] graphql-java.version: 22.3
[DEBUG] groovy.version: 4.0.24
[DEBUG] gson.version: 2.11.0
[DEBUG] h2.version: 2.3.232
[DEBUG] hamcrest.version: 2.2
[DEBUG] hazelcast.version: 5.5.0
[DEBUG] hibernate-validator.version: 8.0.2.Final
[DEBUG] hibernate.version: 6.6.4.Final
[DEBUG] hikaricp.version: 5.1.0
[DEBUG] hsqldb.version: 2.7.3
[DEBUG] htmlunit.version: 4.5.0
[DEBUG] httpasyncclient.version: 4.1.5
[DEBUG] httpclient5.version: 5.4.1
[DEBUG] httpcore.version: 4.4.16
[DEBUG] httpcore5.version: 5.3.1
[DEBUG] infinispan.version: 15.0.11.Final
[DEBUG] influxdb-java.version: 2.24
[DEBUG] jackson-bom.version: 2.18.2
[DEBUG] jakarta-activation.version: 2.1.3
[DEBUG] jakarta-annotation.version: 2.1.1
[DEBUG] jakarta-inject.version: 2.0.1
[DEBUG] jakarta-jms.version: 3.1.0
[DEBUG] jakarta-json-bind.version: 3.0.1
[DEBUG] jakarta-json.version: 2.1.3
[DEBUG] jakarta-mail.version: 2.1.3
[DEBUG] jakarta-management.version: 1.1.4
[DEBUG] jakarta-persistence.version: 3.1.0
[DEBUG] jakarta-servlet-jsp-jstl.version: 3.0.2
[DEBUG] jakarta-servlet.version: 6.0.0
[DEBUG] jakarta-transaction.version: 2.0.1
[DEBUG] jakarta-validation.version: 3.0.2
[DEBUG] jakarta-websocket.version: 2.1.1
[DEBUG] jakarta-ws-rs.version: 3.1.0
[DEBUG] jakarta-xml-bind.version: 4.0.2
[DEBUG] jakarta-xml-soap.version: 3.0.2
[DEBUG] jakarta-xml-ws.version: 4.0.2
[DEBUG] janino.version: 3.1.12
[DEBUG] java.class.path: C:\Users\Bedirhan Eren\.m2\wrapper\dists\apache-maven-3.9.12\59fe215c0ad6947fea90184bf7add084544567b927287592651fda3782e0e798\boot\plexus-classworlds-2.9.0.jar
[DEBUG] java.class.version: 66.0
[DEBUG] java.home: C:\Program Files\Java\jdk-22
[DEBUG] java.io.tmpdir: C:\Users\BEDIRH~2\AppData\Local\Temp\
[DEBUG] java.library.path: C:\Program Files\Java\jdk-22\bin;C:\WINDOWS\Sun\Java\bin;C:\WINDOWS\system32;C:\WINDOWS;c:\Users\Bedirhan Eren\AppData\Local\Programs\cursor\resources\app\bin;C:\Program Files (x86)\VMware\VMware Workstation\bin\;C:\Program Files\Common Files\Oracle\Java\javapath;C:\Program Files (x86)\Common Files\Oracle\Java\java8path;C:\Program Files (x86)\Common Files\Oracle\Java\javapath;C:\Windows\system32;C:\Windows;C:\Windows\System32\Wbem;C:\Windows\System32\WindowsPowerShell\v1.0\;C:\Windows\System32\OpenSSH\;C:\Program Files (x86)\NVIDIA Corporation\PhysX\Common;C:\Users\Bedirhan Eren\OneDrive\Belgeler\flutter\bin;C:\Program Files\Java\jdk-22\bin;C:\MinGW\bin;C:\Program Files\Git\cmd;C:\Program Files\Microsoft SQL Server\150\Tools\Binn\;C:\Program Files\Microsoft SQL Server\Client SDK\ODBC\170\Tools\Binn\;C:\Program Files\dotnet\;C:\Program Files (x86)\Microsoft SQL Server\160\Tools\Binn\;C:\Program Files\Microsoft SQL Server\160\Tools\Binn\;C:\Program Files\Microsoft SQL Server\160\DTS\Binn\;C:\Program Files (x86)\Microsoft SQL Server\160\DTS\Binn\;C;C:\Program Files\NVIDIA Corporation\NVIDIA app\NvDLISR;C:\WINDOWS\system32;C:\WINDOWS;C:\WINDOWS\System32\Wbem;C:\WINDOWS\System32\WindowsPowerShell\v1.0\;C:\WINDOWS\System32\OpenSSH\;C:\Users\Bedirhan Eren\Desktop\ffmpeg-7.1.1-essentials_build\bin;C:\Users\Bedirhan Eren\Desktop\ffmpeg-2025-04-23-git-25b0a8e295-essentials_build\bin;C:\Users\Bedirhan Eren\AppData\Local\Packages\PythonSoftwareFoundation.Python.3.11_qbz5n2kfra8p0\LocalCache\local-packages\Python311\Scripts;C:\Program Files\nodejs\;C:\Program Files\MATLAB\R2025b\bin;C:\Users\Bedirhan Eren\AppData\Local\Microsoft\WindowsApps;C:\Users\Bedirhan Eren\AppData\Local\Programs\Microsoft VS Code\bin;C:\Users\Bedirhan Eren\AppData\Local\GitHubDesktop\bin;C:\Users\Bedirhan Eren\.dotnet\tools;C:\Users\Bedirhan Eren\AppData\Local\Programs\cursor\resources\app\bin;C:\Users\Bedirhan Eren\AppData\Roaming\npm;C:\Users\Bedirhan Eren\AppData\Local\Programs\Antigravity\bin;.
[DEBUG] java.runtime.name: Java(TM) SE Runtime Environment
[DEBUG] java.runtime.version: 22.0.1+8-16
[DEBUG] java.specification.name: Java Platform API Specification
[DEBUG] java.specification.vendor: Oracle Corporation
[DEBUG] java.specification.version: 22
[DEBUG] java.vendor: Oracle Corporation
[DEBUG] java.vendor.url: https://java.oracle.com/
[DEBUG] java.vendor.url.bug: https://bugreport.java.com/bugreport/
[DEBUG] java.version: 22.0.1
[DEBUG] java.version.date: 2024-04-16
[DEBUG] java.vm.compressedOopsMode: Zero based
[DEBUG] java.vm.info: mixed mode, sharing
[DEBUG] java.vm.name: Java HotSpot(TM) 64-Bit Server VM
[DEBUG] java.vm.specification.name: Java Virtual Machine Specification
[DEBUG] java.vm.specification.vendor: Oracle Corporation
[DEBUG] java.vm.specification.version: 22
[DEBUG] java.vm.vendor: Oracle Corporation
[DEBUG] java.vm.version: 22.0.1+8-16
[DEBUG] javax-cache.version: 1.1.1
[DEBUG] javax-money.version: 1.1
[DEBUG] jaxen.version: 2.0.0
[DEBUG] jaybird.version: 5.0.6.java11
[DEBUG] jboss-logging.version: 3.6.1.Final
[DEBUG] jdk.debug: release
[DEBUG] jdom2.version: 2.0.6.1
[DEBUG] jedis.version: 5.2.0
[DEBUG] jersey.version: 3.1.9
[DEBUG] jetty-reactive-httpclient.version: 4.0.8
[DEBUG] jetty.version: 12.0.16
[DEBUG] jmustache.version: 1.16
[DEBUG] jooq.version: 3.19.16
[DEBUG] json-path.version: 2.9.0
[DEBUG] json-smart.version: 2.5.1
[DEBUG] jsonassert.version: 1.5.3
[DEBUG] jtds.version: 1.3.1
[DEBUG] junit-jupiter.version: 5.11.4
[DEBUG] junit.version: 4.13.2
[DEBUG] kafka.version: 3.8.1
[DEBUG] kotlin-coroutines.version: 1.8.1
[DEBUG] kotlin-serialization.version: 1.6.3
[DEBUG] kotlin.version: 1.9.25
[DEBUG] lettuce.version: 6.4.1.RELEASE
[DEBUG] library.jansi.path: C:\Users\Bedirhan Eren\.m2\wrapper\dists\apache-maven-3.9.12\59fe215c0ad6947fea90184bf7add084544567b927287592651fda3782e0e798\lib\jansi-native
[DEBUG] line.separator: 

[DEBUG] liquibase.version: 4.29.2
[DEBUG] log4j2.version: 2.24.3
[DEBUG] logback.version: 1.5.12
[DEBUG] lombok.version: 1.18.36
[DEBUG] mariadb.version: 3.4.1
[DEBUG] maven-antrun-plugin.version: 3.1.0
[DEBUG] maven-assembly-plugin.version: 3.7.1
[DEBUG] maven-clean-plugin.version: 3.4.0
[DEBUG] maven-compiler-plugin.version: 3.13.0
[DEBUG] maven-dependency-plugin.version: 3.8.1
[DEBUG] maven-deploy-plugin.version: 3.1.3
[DEBUG] maven-enforcer-plugin.version: 3.5.0
[DEBUG] maven-failsafe-plugin.version: 3.5.2
[DEBUG] maven-help-plugin.version: 3.5.1
[DEBUG] maven-install-plugin.version: 3.1.3
[DEBUG] maven-invoker-plugin.version: 3.8.1
[DEBUG] maven-jar-plugin.version: 3.4.2
[DEBUG] maven-javadoc-plugin.version: 3.10.1
[DEBUG] maven-resources-plugin.version: 3.3.1
[DEBUG] maven-shade-plugin.version: 3.6.0
[DEBUG] maven-source-plugin.version: 3.3.1
[DEBUG] maven-surefire-plugin.version: 3.5.2
[DEBUG] maven-war-plugin.version: 3.4.0
[DEBUG] maven.build.timestamp: 2026-04-02T19:15:16Z
[DEBUG] maven.build.version: Apache Maven 3.9.12 (848fbb4bf2d427b72bdb2471c22fced7ebd9a7a1)
[DEBUG] maven.compiler.release: 17
[DEBUG] maven.conf: C:\Users\Bedirhan Eren\.m2\wrapper\dists\apache-maven-3.9.12\59fe215c0ad6947fea90184bf7add084544567b927287592651fda3782e0e798/conf
[DEBUG] maven.home: C:\Users\Bedirhan Eren\.m2\wrapper\dists\apache-maven-3.9.12\59fe215c0ad6947fea90184bf7add084544567b927287592651fda3782e0e798
[DEBUG] maven.multiModuleProjectDirectory: C:\Users\Bedirhan Eren\IdeaProjects\CityEventMonitor
[DEBUG] maven.version: 3.9.12
[DEBUG] micrometer-tracing.version: 1.4.1
[DEBUG] micrometer.version: 1.14.2
[DEBUG] mockito.version: 5.14.2
[DEBUG] mongodb.version: 5.2.1
[DEBUG] mssql-jdbc.version: 12.8.1.jre11
[DEBUG] mysql.version: 9.1.0
[DEBUG] native-build-tools-plugin.version: 0.10.4
[DEBUG] native.encoding: Cp1254
[DEBUG] nekohtml.version: 1.9.22
[DEBUG] neo4j-java-driver.version: 5.25.0
[DEBUG] netty.version: 4.1.116.Final
[DEBUG] opentelemetry.version: 1.43.0
[DEBUG] oracle-database.version: 23.5.0.24.07
[DEBUG] oracle-r2dbc.version: 1.2.0
[DEBUG] os.arch: amd64
[DEBUG] os.name: Windows 11
[DEBUG] os.version: 10.0
[DEBUG] path.separator: ;
[DEBUG] pooled-jms.version: 3.1.7
[DEBUG] postgresql.version: 42.7.4
[DEBUG] project.baseUri: file:/C:/Users/Bedirhan%20Eren/IdeaProjects/CityEventMonitor/
[DEBUG] project.build.sourceEncoding: UTF-8
[DEBUG] project.reporting.outputEncoding: UTF-8
[DEBUG] prometheus-client.version: 1.3.5
[DEBUG] prometheus-simpleclient.version: 0.16.0
[DEBUG] pulsar-reactive.version: 0.5.10
[DEBUG] pulsar.version: 3.3.3
[DEBUG] quartz.version: 2.3.2
[DEBUG] querydsl.version: 5.1.0
[DEBUG] r2dbc-h2.version: 1.0.0.RELEASE
[DEBUG] r2dbc-mariadb.version: 1.2.2
[DEBUG] r2dbc-mssql.version: 1.0.2.RELEASE
[DEBUG] r2dbc-mysql.version: 1.3.0
[DEBUG] r2dbc-pool.version: 1.0.2.RELEASE
[DEBUG] r2dbc-postgresql.version: 1.0.7.RELEASE
[DEBUG] r2dbc-proxy.version: 1.1.5.RELEASE
[DEBUG] r2dbc-spi.version: 1.0.0.RELEASE
[DEBUG] rabbit-amqp-client.version: 5.22.0
[DEBUG] rabbit-stream-client.version: 0.18.0
[DEBUG] reactive-streams.version: 1.0.4
[DEBUG] reactor-bom.version: 2024.0.1
[DEBUG] resource.delimiter: @
[DEBUG] rest-assured.version: 5.5.0
[DEBUG] rsocket.version: 1.1.3
[DEBUG] rxjava3.version: 3.1.10
[DEBUG] saaj-impl.version: 3.0.4
[DEBUG] selenium-htmlunit.version: 4.25.0
[DEBUG] selenium.version: 4.25.0
[DEBUG] sendgrid.version: 4.10.3
[DEBUG] slf4j.version: 2.0.16
[DEBUG] snakeyaml.version: 2.3
[DEBUG] spring-amqp.version: 3.2.1
[DEBUG] spring-authorization-server.version: 1.4.1
[DEBUG] spring-batch.version: 5.2.1
[DEBUG] spring-boot.run.main-class: ${start-class}
[DEBUG] spring-data-bom.version: 2024.1.1
[DEBUG] spring-framework.version: 6.2.1
[DEBUG] spring-graphql.version: 1.3.3
[DEBUG] spring-hateoas.version: 2.4.1
[DEBUG] spring-integration.version: 6.4.1
[DEBUG] spring-kafka.version: 3.3.1
[DEBUG] spring-ldap.version: 3.2.10
[DEBUG] spring-pulsar.version: 1.2.1
[DEBUG] spring-restdocs.version: 3.0.3
[DEBUG] spring-retry.version: 2.0.11
[DEBUG] spring-security.version: 6.4.2
[DEBUG] spring-session.version: 3.4.1
[DEBUG] spring-ws.version: 4.0.11
[DEBUG] sqlite-jdbc.version: 3.47.1.0
[DEBUG] stderr.encoding: cp857
[DEBUG] stdout.encoding: Cp1254
[DEBUG] sun.arch.data.model: 64
[DEBUG] sun.boot.library.path: C:\Program Files\Java\jdk-22\bin
[DEBUG] sun.cpu.endian: little
[DEBUG] sun.cpu.isalist: amd64
[DEBUG] sun.io.unicode.encoding: UnicodeLittle
[DEBUG] sun.java.command: org.codehaus.plexus.classworlds.launcher.Launcher compile -X
[DEBUG] sun.java.launcher: SUN_STANDARD
[DEBUG] sun.jnu.encoding: Cp1254
[DEBUG] sun.management.compiler: HotSpot 64-Bit Tiered Compilers
[DEBUG] sun.os.patch.level: 
[DEBUG] testcontainers-redis-module.version: 2.2.2
[DEBUG] testcontainers.version: 1.20.4
[DEBUG] thymeleaf-extras-data-attribute.version: 2.0.1
[DEBUG] thymeleaf-extras-springsecurity.version: 3.1.3.RELEASE
[DEBUG] thymeleaf-layout-dialect.version: 3.3.0
[DEBUG] thymeleaf.version: 3.1.3.RELEASE
[DEBUG] tomcat.version: 10.1.34
[DEBUG] unboundid-ldapsdk.version: 6.0.11
[DEBUG] undertow.version: 2.3.18.Final
[DEBUG] user.country: TR
[DEBUG] user.dir: C:\Users\Bedirhan Eren\IdeaProjects\CityEventMonitor
[DEBUG] user.home: C:\Users\Bedirhan Eren
[DEBUG] user.language: tr
[DEBUG] user.name: Bedirhan Eren
[DEBUG] user.script: 
[DEBUG] user.variant: 
[DEBUG] versions-maven-plugin.version: 2.17.1
[DEBUG] webjars-locator-core.version: 0.59
[DEBUG] webjars-locator-lite.version: 1.0.1
[DEBUG] wsdl4j.version: 1.6.3
[DEBUG] xml-maven-plugin.version: 1.1.0
[DEBUG] xmlunit2.version: 2.10.0
[DEBUG] yasson.version: 3.0.4
[DEBUG] zipkin-reporter.version: 3.4.3
[DEBUG] Using 'UTF-8' encoding to copy filtered resources.
[DEBUG] Using 'UTF-8' encoding to copy filtered properties files.
[DEBUG] resource with targetPath null
directory C:\Users\Bedirhan Eren\IdeaProjects\CityEventMonitor\src\main\resources
excludes []
includes [**/application*.yml, **/application*.yaml, **/application*.properties]
[DEBUG] ignoreDelta true
[INFO] Copying 1 resource from src\main\resources to target\classes
[DEBUG] Copying file application.properties
[DEBUG] file application.properties has a filtered file extension
[DEBUG] Using 'UTF-8' encoding to copy filtered resource 'application.properties'.
[DEBUG] filtering C:\Users\Bedirhan Eren\IdeaProjects\CityEventMonitor\src\main\resources\application.properties to C:\Users\Bedirhan Eren\IdeaProjects\CityEventMonitor\target\classes\application.properties
[DEBUG] resource with targetPath null
directory C:\Users\Bedirhan Eren\IdeaProjects\CityEventMonitor\src\main\resources
excludes [**/application*.yml, **/application*.yaml, **/application*.properties]
includes []
[DEBUG] ignoreDelta true
[INFO] Copying 0 resource from src\main\resources to target\classes
[DEBUG] no user filter components
[INFO] 
[INFO] --- compiler:3.13.0:compile (default-compile) @ CityEventMonitor ---
[DEBUG] Using mirror maven-default-http-blocker (http://0.0.0.0/) for apache.snapshots (http://repository.apache.org/snapshots).
[DEBUG] Dependency collection stats {ConflictMarker.analyzeTime=141100, ConflictMarker.markTime=45200, ConflictMarker.nodeCount=22, ConflictIdSorter.graphTime=34800, ConflictIdSorter.topsortTime=27900, ConflictIdSorter.conflictIdCount=14, ConflictIdSorter.conflictIdCycleCount=0, ConflictResolver.totalTime=331700, ConflictResolver.conflictItemCount=22, DfDependencyCollector.collectTime=61479400, DfDependencyCollector.transformTime=607900}
[DEBUG] org.apache.maven.plugins:maven-compiler-plugin:jar:3.13.0
[DEBUG]    org.apache.maven.shared:maven-shared-utils:jar:3.4.2:compile
[DEBUG]       org.slf4j:slf4j-api:jar:1.7.36:compile
[DEBUG]       commons-io:commons-io:jar:2.11.0:compile
[DEBUG]    org.apache.maven.shared:maven-shared-incremental:jar:1.1:compile
[DEBUG]    org.codehaus.plexus:plexus-java:jar:1.2.0:compile
[DEBUG]       org.ow2.asm:asm:jar:9.6:compile
[DEBUG]       com.thoughtworks.qdox:qdox:jar:2.0.3:compile
[DEBUG]    org.codehaus.plexus:plexus-compiler-api:jar:2.15.0:compile
[DEBUG]    org.codehaus.plexus:plexus-compiler-manager:jar:2.15.0:compile
[DEBUG]       javax.inject:javax.inject:jar:1:compile
[DEBUG]       org.codehaus.plexus:plexus-xml:jar:3.0.0:compile (version managed from default)
[DEBUG]    org.codehaus.plexus:plexus-compiler-javac:jar:2.15.0:runtime
[DEBUG]    org.codehaus.plexus:plexus-utils:jar:4.0.0:compile
[DEBUG] Created new class realm plugin>org.apache.maven.plugins:maven-compiler-plugin:3.13.0
[DEBUG] Importing foreign packages into class realm plugin>org.apache.maven.plugins:maven-compiler-plugin:3.13.0
[DEBUG]   Imported:  < maven.api
[DEBUG] Populating class realm plugin>org.apache.maven.plugins:maven-compiler-plugin:3.13.0
[DEBUG]   Included: org.apache.maven.plugins:maven-compiler-plugin:jar:3.13.0
[DEBUG]   Included: org.apache.maven.shared:maven-shared-utils:jar:3.4.2
[DEBUG]   Included: commons-io:commons-io:jar:2.11.0
[DEBUG]   Included: org.apache.maven.shared:maven-shared-incremental:jar:1.1
[DEBUG]   Included: org.codehaus.plexus:plexus-java:jar:1.2.0
[DEBUG]   Included: org.ow2.asm:asm:jar:9.6
[DEBUG]   Included: com.thoughtworks.qdox:qdox:jar:2.0.3
[DEBUG]   Included: org.codehaus.plexus:plexus-compiler-api:jar:2.15.0
[DEBUG]   Included: org.codehaus.plexus:plexus-compiler-manager:jar:2.15.0
[DEBUG]   Included: org.codehaus.plexus:plexus-xml:jar:3.0.0
[DEBUG]   Included: org.codehaus.plexus:plexus-compiler-javac:jar:2.15.0
[DEBUG]   Included: org.codehaus.plexus:plexus-utils:jar:4.0.0
[DEBUG] Loading mojo org.apache.maven.plugins:maven-compiler-plugin:3.13.0:compile from plugin realm ClassRealm[plugin>org.apache.maven.plugins:maven-compiler-plugin:3.13.0, parent: jdk.internal.loader.ClassLoaders$AppClassLoader@3d4eac69]
[DEBUG] Configuring mojo execution 'org.apache.maven.plugins:maven-compiler-plugin:3.13.0:compile:default-compile' with basic configurator -->
[DEBUG]   (s) groupId = org.projectlombok
[DEBUG]   (s) artifactId = lombok
[DEBUG]   (f) annotationProcessorPaths = [org.projectlombok:lombok.jar]
[DEBUG]   (f) annotationProcessorPathsUseDepMgmt = false
[DEBUG]   (f) basedir = C:\Users\Bedirhan Eren\IdeaProjects\CityEventMonitor
[DEBUG]   (f) buildDirectory = C:\Users\Bedirhan Eren\IdeaProjects\CityEventMonitor\target
[DEBUG]   (f) compilePath = [C:\Users\Bedirhan Eren\IdeaProjects\CityEventMonitor\target\classes, C:\Users\Bedirhan Eren\.m2\repository\org\springframework\boot\spring-boot-starter-data-mongodb\3.4.1\spring-boot-starter-data-mongodb-3.4.1.jar, C:\Users\Bedirhan Eren\.m2\repository\org\springframework\boot\spring-boot-starter\3.4.1\spring-boot-starter-3.4.1.jar, C:\Users\Bedirhan Eren\.m2\repository\org\springframework\boot\spring-boot-starter-logging\3.4.1\spring-boot-starter-logging-3.4.1.jar, C:\Users\Bedirhan Eren\.m2\repository\ch\qos\logback\logback-classic\1.5.12\logback-classic-1.5.12.jar, C:\Users\Bedirhan Eren\.m2\repository\ch\qos\logback\logback-core\1.5.12\logback-core-1.5.12.jar, C:\Users\Bedirhan Eren\.m2\repository\org\apache\logging\log4j\log4j-to-slf4j\2.24.3\log4j-to-slf4j-2.24.3.jar, C:\Users\Bedirhan Eren\.m2\repository\org\apache\logging\log4j\log4j-api\2.24.3\log4j-api-2.24.3.jar, C:\Users\Bedirhan Eren\.m2\repository\org\slf4j\jul-to-slf4j\2.0.16\jul-to-slf4j-2.0.16.jar, C:\Users\Bedirhan Eren\.m2\repository\jakarta\annotation\jakarta.annotation-api\2.1.1\jakarta.annotation-api-2.1.1.jar, C:\Users\Bedirhan Eren\.m2\repository\org\yaml\snakeyaml\2.3\snakeyaml-2.3.jar, C:\Users\Bedirhan Eren\.m2\repository\org\mongodb\mongodb-driver-sync\5.2.1\mongodb-driver-sync-5.2.1.jar, C:\Users\Bedirhan Eren\.m2\repository\org\mongodb\bson\5.2.1\bson-5.2.1.jar, C:\Users\Bedirhan Eren\.m2\repository\org\mongodb\mongodb-driver-core\5.2.1\mongodb-driver-core-5.2.1.jar, C:\Users\Bedirhan Eren\.m2\repository\org\springframework\data\spring-data-mongodb\4.4.1\spring-data-mongodb-4.4.1.jar, C:\Users\Bedirhan Eren\.m2\repository\org\springframework\spring-tx\6.2.1\spring-tx-6.2.1.jar, C:\Users\Bedirhan Eren\.m2\repository\org\springframework\spring-context\6.2.1\spring-context-6.2.1.jar, C:\Users\Bedirhan Eren\.m2\repository\org\springframework\spring-beans\6.2.1\spring-beans-6.2.1.jar, C:\Users\Bedirhan Eren\.m2\repository\org\springframework\spring-expression\6.2.1\spring-expression-6.2.1.jar, C:\Users\Bedirhan Eren\.m2\repository\org\springframework\data\spring-data-commons\3.4.1\spring-data-commons-3.4.1.jar, C:\Users\Bedirhan Eren\.m2\repository\org\slf4j\slf4j-api\2.0.16\slf4j-api-2.0.16.jar, C:\Users\Bedirhan Eren\.m2\repository\org\jsoup\jsoup\1.17.2\jsoup-1.17.2.jar, C:\Users\Bedirhan Eren\.m2\repository\org\springframework\boot\spring-boot-starter-web\3.4.1\spring-boot-starter-web-3.4.1.jar, C:\Users\Bedirhan Eren\.m2\repository\org\springframework\boot\spring-boot-starter-json\3.4.1\spring-boot-starter-json-3.4.1.jar, C:\Users\Bedirhan Eren\.m2\repository\com\fasterxml\jackson\core\jackson-databind\2.18.2\jackson-databind-2.18.2.jar, C:\Users\Bedirhan Eren\.m2\repository\com\fasterxml\jackson\core\jackson-annotations\2.18.2\jackson-annotations-2.18.2.jar, C:\Users\Bedirhan Eren\.m2\repository\com\fasterxml\jackson\core\jackson-core\2.18.2\jackson-core-2.18.2.jar, C:\Users\Bedirhan Eren\.m2\repository\com\fasterxml\jackson\datatype\jackson-datatype-jdk8\2.18.2\jackson-datatype-jdk8-2.18.2.jar, C:\Users\Bedirhan Eren\.m2\repository\com\fasterxml\jackson\datatype\jackson-datatype-jsr310\2.18.2\jackson-datatype-jsr310-2.18.2.jar, C:\Users\Bedirhan Eren\.m2\repository\com\fasterxml\jackson\module\jackson-module-parameter-names\2.18.2\jackson-module-parameter-names-2.18.2.jar, C:\Users\Bedirhan Eren\.m2\repository\org\springframework\boot\spring-boot-starter-tomcat\3.4.1\spring-boot-starter-tomcat-3.4.1.jar, C:\Users\Bedirhan Eren\.m2\repository\org\apache\tomcat\embed\tomcat-embed-core\10.1.34\tomcat-embed-core-10.1.34.jar, C:\Users\Bedirhan Eren\.m2\repository\org\apache\tomcat\embed\tomcat-embed-el\10.1.34\tomcat-embed-el-10.1.34.jar, C:\Users\Bedirhan Eren\.m2\repository\org\apache\tomcat\embed\tomcat-embed-websocket\10.1.34\tomcat-embed-websocket-10.1.34.jar, C:\Users\Bedirhan Eren\.m2\repository\org\springframework\spring-web\6.2.1\spring-web-6.2.1.jar, C:\Users\Bedirhan Eren\.m2\repository\io\micrometer\micrometer-observation\1.14.2\micrometer-observation-1.14.2.jar, C:\Users\Bedirhan Eren\.m2\repository\io\micrometer\micrometer-commons\1.14.2\micrometer-commons-1.14.2.jar, C:\Users\Bedirhan Eren\.m2\repository\org\springframework\spring-webmvc\6.2.1\spring-webmvc-6.2.1.jar, C:\Users\Bedirhan Eren\.m2\repository\org\springframework\spring-aop\6.2.1\spring-aop-6.2.1.jar, C:\Users\Bedirhan Eren\.m2\repository\org\springframework\boot\spring-boot-starter-webflux\3.4.1\spring-boot-starter-webflux-3.4.1.jar, C:\Users\Bedirhan Eren\.m2\repository\org\springframework\boot\spring-boot-starter-reactor-netty\3.4.1\spring-boot-starter-reactor-netty-3.4.1.jar, C:\Users\Bedirhan Eren\.m2\repository\io\projectreactor\netty\reactor-netty-http\1.2.1\reactor-netty-http-1.2.1.jar, C:\Users\Bedirhan Eren\.m2\repository\io\netty\netty-codec-http\4.1.116.Final\netty-codec-http-4.1.116.Final.jar, C:\Users\Bedirhan Eren\.m2\repository\io\netty\netty-common\4.1.116.Final\netty-common-4.1.116.Final.jar, C:\Users\Bedirhan Eren\.m2\repository\io\netty\netty-buffer\4.1.116.Final\netty-buffer-4.1.116.Final.jar, C:\Users\Bedirhan Eren\.m2\repository\io\netty\netty-transport\4.1.116.Final\netty-transport-4.1.116.Final.jar, C:\Users\Bedirhan Eren\.m2\repository\io\netty\netty-codec\4.1.116.Final\netty-codec-4.1.116.Final.jar, C:\Users\Bedirhan Eren\.m2\repository\io\netty\netty-handler\4.1.116.Final\netty-handler-4.1.116.Final.jar, C:\Users\Bedirhan Eren\.m2\repository\io\netty\netty-codec-http2\4.1.116.Final\netty-codec-http2-4.1.116.Final.jar, C:\Users\Bedirhan Eren\.m2\repository\io\netty\netty-resolver-dns\4.1.116.Final\netty-resolver-dns-4.1.116.Final.jar, C:\Users\Bedirhan Eren\.m2\repository\io\netty\netty-resolver\4.1.116.Final\netty-resolver-4.1.116.Final.jar, C:\Users\Bedirhan Eren\.m2\repository\io\netty\netty-codec-dns\4.1.116.Final\netty-codec-dns-4.1.116.Final.jar, C:\Users\Bedirhan Eren\.m2\repository\io\netty\netty-resolver-dns-native-macos\4.1.116.Final\netty-resolver-dns-native-macos-4.1.116.Final-osx-x86_64.jar, C:\Users\Bedirhan Eren\.m2\repository\io\netty\netty-resolver-dns-classes-macos\4.1.116.Final\netty-resolver-dns-classes-macos-4.1.116.Final.jar, C:\Users\Bedirhan Eren\.m2\repository\io\netty\netty-transport-native-epoll\4.1.116.Final\netty-transport-native-epoll-4.1.116.Final-linux-x86_64.jar, C:\Users\Bedirhan Eren\.m2\repository\io\netty\netty-transport-native-unix-common\4.1.116.Final\netty-transport-native-unix-common-4.1.116.Final.jar, C:\Users\Bedirhan Eren\.m2\repository\io\netty\netty-transport-classes-epoll\4.1.116.Final\netty-transport-classes-epoll-4.1.116.Final.jar, C:\Users\Bedirhan Eren\.m2\repository\io\projectreactor\netty\reactor-netty-core\1.2.1\reactor-netty-core-1.2.1.jar, C:\Users\Bedirhan Eren\.m2\repository\io\netty\netty-handler-proxy\4.1.116.Final\netty-handler-proxy-4.1.116.Final.jar, C:\Users\Bedirhan Eren\.m2\repository\io\netty\netty-codec-socks\4.1.116.Final\netty-codec-socks-4.1.116.Final.jar, C:\Users\Bedirhan Eren\.m2\repository\org\springframework\spring-webflux\6.2.1\spring-webflux-6.2.1.jar, C:\Users\Bedirhan Eren\.m2\repository\io\projectreactor\reactor-core\3.7.1\reactor-core-3.7.1.jar, C:\Users\Bedirhan Eren\.m2\repository\org\reactivestreams\reactive-streams\1.0.4\reactive-streams-1.0.4.jar, C:\Users\Bedirhan Eren\.m2\repository\org\springframework\spring-core\6.2.1\spring-core-6.2.1.jar, C:\Users\Bedirhan Eren\.m2\repository\org\springframework\spring-jcl\6.2.1\spring-jcl-6.2.1.jar, C:\Users\Bedirhan Eren\.m2\repository\org\springframework\boot\spring-boot\3.4.1\spring-boot-3.4.1.jar, C:\Users\Bedirhan Eren\.m2\repository\org\springframework\boot\spring-boot-autoconfigure\3.4.1\spring-boot-autoconfigure-3.4.1.jar, C:\Users\Bedirhan Eren\.m2\repository\org\projectlombok\lombok\1.18.36\lombok-1.18.36.jar, C:\Users\Bedirhan Eren\.m2\repository\org\apache\commons\commons-text\1.11.0\commons-text-1.11.0.jar, C:\Users\Bedirhan Eren\.m2\repository\org\apache\commons\commons-lang3\3.17.0\commons-lang3-3.17.0.jar]
[DEBUG]   (f) compileSourceRoots = [C:\Users\Bedirhan Eren\IdeaProjects\CityEventMonitor\src\main\java]
[DEBUG]   (f) compilerId = javac
[DEBUG]   (f) createMissingPackageInfoClass = true
[DEBUG]   (f) debug = true
[DEBUG]   (f) debugFileName = javac
[DEBUG]   (f) enablePreview = false
[DEBUG]   (f) encoding = UTF-8
[DEBUG]   (f) failOnError = true
[DEBUG]   (f) failOnWarning = false
[DEBUG]   (f) fileExtensions = [jar, class]
[DEBUG]   (f) forceJavacCompilerUse = false
[DEBUG]   (f) forceLegacyJavacApi = false
[DEBUG]   (f) fork = false
[DEBUG]   (f) generatedSourcesDirectory = C:\Users\Bedirhan Eren\IdeaProjects\CityEventMonitor\target\generated-sources\annotations
[DEBUG]   (f) mojoExecution = org.apache.maven.plugins:maven-compiler-plugin:3.13.0:compile {execution: default-compile}
[DEBUG]   (f) optimize = false
[DEBUG]   (f) outputDirectory = C:\Users\Bedirhan Eren\IdeaProjects\CityEventMonitor\target\classes
[DEBUG]   (f) parameters = true
[DEBUG]   (f) project = MavenProject: com.bedirhan:CityEventMonitor:0.0.1-SNAPSHOT @ C:\Users\Bedirhan Eren\IdeaProjects\CityEventMonitor\pom.xml
[DEBUG]   (f) projectArtifact = com.bedirhan:CityEventMonitor:jar:0.0.1-SNAPSHOT
[DEBUG]   (s) release = 17
[DEBUG]   (f) session = org.apache.maven.execution.MavenSession@69d45cca
[DEBUG]   (f) showCompilationChanges = false
[DEBUG]   (f) showDeprecation = false
[DEBUG]   (f) showWarnings = true
[DEBUG]   (f) skipMultiThreadWarning = false
[DEBUG]   (f) source = 1.8
[DEBUG]   (f) staleMillis = 0
[DEBUG]   (s) target = 1.8
[DEBUG]   (f) useIncrementalCompilation = true
[DEBUG]   (f) verbose = false
[DEBUG] -- end configuration --
[DEBUG] Using compiler 'javac'.
[DEBUG] Adding C:\Users\Bedirhan Eren\IdeaProjects\CityEventMonitor\target\generated-sources\annotations to compile source roots:
  C:\Users\Bedirhan Eren\IdeaProjects\CityEventMonitor\src\main\java
[DEBUG] New compile source roots:
  C:\Users\Bedirhan Eren\IdeaProjects\CityEventMonitor\src\main\java
  C:\Users\Bedirhan Eren\IdeaProjects\CityEventMonitor\target\generated-sources\annotations
[DEBUG] Dependency collection stats {ConflictMarker.analyzeTime=28900, ConflictMarker.markTime=15100, ConflictMarker.nodeCount=2, ConflictIdSorter.graphTime=10700, ConflictIdSorter.topsortTime=7900, ConflictIdSorter.conflictIdCount=1, ConflictIdSorter.conflictIdCycleCount=0, ConflictResolver.totalTime=83400, ConflictResolver.conflictItemCount=1, DfDependencyCollector.collectTime=2639400, DfDependencyCollector.transformTime=162800}
[DEBUG] CompilerReuseStrategy: reuseCreated
[DEBUG] useIncrementalCompilation enabled
[INFO] 	Stale source detected: C:\Users\Bedirhan Eren\IdeaProjects\CityEventMonitor\src\main\java\com\bedirhan\cityeventmonitor\exception\GlobalExceptionHandler.java
[INFO] 	Stale source detected: C:\Users\Bedirhan Eren\IdeaProjects\CityEventMonitor\src\main\java\com\bedirhan\cityeventmonitor\repository\GeocodingCacheRepository.java
[INFO] 	Stale source detected: C:\Users\Bedirhan Eren\IdeaProjects\CityEventMonitor\src\main\java\com\bedirhan\cityeventmonitor\controller\CreateNewsRequest.java
[INFO] 	Stale source detected: C:\Users\Bedirhan Eren\IdeaProjects\CityEventMonitor\src\main\java\com\bedirhan\cityeventmonitor\scraper\DetailPageHelper.java
[INFO] 	Stale source detected: C:\Users\Bedirhan Eren\IdeaProjects\CityEventMonitor\src\main\java\com\bedirhan\cityeventmonitor\model\NewsType.java
[INFO] 	Stale source detected: C:\Users\Bedirhan Eren\IdeaProjects\CityEventMonitor\src\main\java\com\bedirhan\cityeventmonitor\dto\FilterResponse.java
[INFO] 	Stale source detected: C:\Users\Bedirhan Eren\IdeaProjects\CityEventMonitor\src\main\java\com\bedirhan\cityeventmonitor\service\GeocodingService.java
[INFO] 	Stale source detected: C:\Users\Bedirhan Eren\IdeaProjects\CityEventMonitor\src\main\java\com\bedirhan\cityeventmonitor\service\ScheduledScraperJob.java
[INFO] 	Stale source detected: C:\Users\Bedirhan Eren\IdeaProjects\CityEventMonitor\src\main\java\com\bedirhan\cityeventmonitor\dto\ScrapeProgressEventDto.java
[INFO] 	Stale source detected: C:\Users\Bedirhan Eren\IdeaProjects\CityEventMonitor\src\main\java\com\bedirhan\cityeventmonitor\service\SimilarityService.java
[INFO] 	Stale source detected: C:\Users\Bedirhan Eren\IdeaProjects\CityEventMonitor\src\main\java\com\bedirhan\cityeventmonitor\dto\PagedResponse.java
[INFO] 	Stale source detected: C:\Users\Bedirhan Eren\IdeaProjects\CityEventMonitor\src\main\java\com\bedirhan\cityeventmonitor\controller\NewsController.java
[INFO] 	Stale source detected: C:\Users\Bedirhan Eren\IdeaProjects\CityEventMonitor\src\main\java\com\bedirhan\cityeventmonitor\exception\ApiErrorResponse.java
[INFO] 	Stale source detected: C:\Users\Bedirhan Eren\IdeaProjects\CityEventMonitor\src\main\java\com\bedirhan\cityeventmonitor\service\DuplicateDetectionService.java
[INFO] 	Stale source detected: C:\Users\Bedirhan Eren\IdeaProjects\CityEventMonitor\src\main\java\com\bedirhan\cityeventmonitor\service\NewsService.java
[INFO] 	Stale source detected: C:\Users\Bedirhan Eren\IdeaProjects\CityEventMonitor\src\main\java\com\bedirhan\cityeventmonitor\service\ScrapingService.java
[INFO] 	Stale source detected: C:\Users\Bedirhan Eren\IdeaProjects\CityEventMonitor\src\main\java\com\bedirhan\cityeventmonitor\service\LocationResult.java
[INFO] 	Stale source detected: C:\Users\Bedirhan Eren\IdeaProjects\CityEventMonitor\src\main\java\com\bedirhan\cityeventmonitor\scraper\CagdasKocaeliScraper.java
[INFO] 	Stale source detected: C:\Users\Bedirhan Eren\IdeaProjects\CityEventMonitor\src\main\java\com\bedirhan\cityeventmonitor\service\EmbeddingService.java
[INFO] 	Stale source detected: C:\Users\Bedirhan Eren\IdeaProjects\CityEventMonitor\src\main\java\com\bedirhan\cityeventmonitor\model\GeocodingCache.java
[INFO] 	Stale source detected: C:\Users\Bedirhan Eren\IdeaProjects\CityEventMonitor\src\main\java\com\bedirhan\cityeventmonitor\scraper\ScraperRuntimeConfig.java
[INFO] 	Stale source detected: C:\Users\Bedirhan Eren\IdeaProjects\CityEventMonitor\src\main\java\com\bedirhan\cityeventmonitor\service\SemanticTypeValidator.java
[INFO] 	Stale source detected: C:\Users\Bedirhan Eren\IdeaProjects\CityEventMonitor\src\main\java\com\bedirhan\cityeventmonitor\service\NewsMapper.java
[INFO] 	Stale source detected: C:\Users\Bedirhan Eren\IdeaProjects\CityEventMonitor\src\main\java\com\bedirhan\cityeventmonitor\repository\NewsRepository.java
[INFO] 	Stale source detected: C:\Users\Bedirhan Eren\IdeaProjects\CityEventMonitor\src\main\java\com\bedirhan\cityeventmonitor\config\WebConfig.java
[INFO] 	Stale source detected: C:\Users\Bedirhan Eren\IdeaProjects\CityEventMonitor\src\main\java\com\bedirhan\cityeventmonitor\model\RawNews.java
[INFO] 	Stale source detected: C:\Users\Bedirhan Eren\IdeaProjects\CityEventMonitor\src\main\java\com\bedirhan\cityeventmonitor\scraper\NewsScraper.java
[INFO] 	Stale source detected: C:\Users\Bedirhan Eren\IdeaProjects\CityEventMonitor\src\main\java\com\bedirhan\cityeventmonitor\service\NewsTypeClassifier.java
[INFO] 	Stale source detected: C:\Users\Bedirhan Eren\IdeaProjects\CityEventMonitor\src\main\java\com\bedirhan\cityeventmonitor\dto\NewsResponseDto.java
[INFO] 	Stale source detected: C:\Users\Bedirhan Eren\IdeaProjects\CityEventMonitor\src\main\java\com\bedirhan\cityeventmonitor\service\LocationExtractor.java
[INFO] 	Stale source detected: C:\Users\Bedirhan Eren\IdeaProjects\CityEventMonitor\src\main\java\com\bedirhan\cityeventmonitor\scraper\BizimYakaScraper.java
[INFO] 	Stale source detected: C:\Users\Bedirhan Eren\IdeaProjects\CityEventMonitor\src\main\java\com\bedirhan\cityeventmonitor\scraper\OzgurKocaeliScraper.java
[INFO] 	Stale source detected: C:\Users\Bedirhan Eren\IdeaProjects\CityEventMonitor\src\main\java\com\bedirhan\cityeventmonitor\TestClassifier.java
[INFO] 	Stale source detected: C:\Users\Bedirhan Eren\IdeaProjects\CityEventMonitor\src\main\java\com\bedirhan\cityeventmonitor\scraper\SesKocaeliScraper.java
[INFO] 	Stale source detected: C:\Users\Bedirhan Eren\IdeaProjects\CityEventMonitor\src\main\java\com\bedirhan\cityeventmonitor\controller\ScraperController.java
[INFO] 	Stale source detected: C:\Users\Bedirhan Eren\IdeaProjects\CityEventMonitor\src\main\java\com\bedirhan\cityeventmonitor\CityEventMonitorApplication.java
[INFO] 	Stale source detected: C:\Users\Bedirhan Eren\IdeaProjects\CityEventMonitor\src\main\java\com\bedirhan\cityeventmonitor\scraper\ScraperHttp.java
[INFO] 	Stale source detected: C:\Users\Bedirhan Eren\IdeaProjects\CityEventMonitor\src\main\java\com\bedirhan\cityeventmonitor\dto\ScrapeResultDto.java
[INFO] 	Stale source detected: C:\Users\Bedirhan Eren\IdeaProjects\CityEventMonitor\src\main\java\com\bedirhan\cityeventmonitor\service\NewsDateParser.java
[INFO] 	Stale source detected: C:\Users\Bedirhan Eren\IdeaProjects\CityEventMonitor\src\main\java\com\bedirhan\cityeventmonitor\model\News.java
[INFO] 	Stale source detected: C:\Users\Bedirhan Eren\IdeaProjects\CityEventMonitor\src\main\java\com\bedirhan\cityeventmonitor\scraper\YeniKocaeliScraper.java
[INFO] 	Stale source detected: C:\Users\Bedirhan Eren\IdeaProjects\CityEventMonitor\src\main\java\com\bedirhan\cityeventmonitor\service\NewsScraper.java
[INFO] 	Stale source detected: C:\Users\Bedirhan Eren\IdeaProjects\CityEventMonitor\src\main\java\com\bedirhan\cityeventmonitor\model\Coordinates.java
[INFO] 	Stale source detected: C:\Users\Bedirhan Eren\IdeaProjects\CityEventMonitor\src\main\java\com\bedirhan\cityeventmonitor\service\TextPreprocessor.java
[INFO] Recompiling the module because of changed source code.
[DEBUG] Classpath:
[DEBUG]  C:\Users\Bedirhan Eren\IdeaProjects\CityEventMonitor\target\classes
[DEBUG]  C:\Users\Bedirhan Eren\.m2\repository\org\springframework\boot\spring-boot-starter-data-mongodb\3.4.1\spring-boot-starter-data-mongodb-3.4.1.jar
[DEBUG]  C:\Users\Bedirhan Eren\.m2\repository\org\springframework\boot\spring-boot-starter\3.4.1\spring-boot-starter-3.4.1.jar
[DEBUG]  C:\Users\Bedirhan Eren\.m2\repository\org\springframework\boot\spring-boot-starter-logging\3.4.1\spring-boot-starter-logging-3.4.1.jar
[DEBUG]  C:\Users\Bedirhan Eren\.m2\repository\ch\qos\logback\logback-classic\1.5.12\logback-classic-1.5.12.jar
[DEBUG]  C:\Users\Bedirhan Eren\.m2\repository\ch\qos\logback\logback-core\1.5.12\logback-core-1.5.12.jar
[DEBUG]  C:\Users\Bedirhan Eren\.m2\repository\org\apache\logging\log4j\log4j-to-slf4j\2.24.3\log4j-to-slf4j-2.24.3.jar
[DEBUG]  C:\Users\Bedirhan Eren\.m2\repository\org\apache\logging\log4j\log4j-api\2.24.3\log4j-api-2.24.3.jar
[DEBUG]  C:\Users\Bedirhan Eren\.m2\repository\org\slf4j\jul-to-slf4j\2.0.16\jul-to-slf4j-2.0.16.jar
[DEBUG]  C:\Users\Bedirhan Eren\.m2\repository\jakarta\annotation\jakarta.annotation-api\2.1.1\jakarta.annotation-api-2.1.1.jar
[DEBUG]  C:\Users\Bedirhan Eren\.m2\repository\org\yaml\snakeyaml\2.3\snakeyaml-2.3.jar
[DEBUG]  C:\Users\Bedirhan Eren\.m2\repository\org\mongodb\mongodb-driver-sync\5.2.1\mongodb-driver-sync-5.2.1.jar
[DEBUG]  C:\Users\Bedirhan Eren\.m2\repository\org\mongodb\bson\5.2.1\bson-5.2.1.jar
[DEBUG]  C:\Users\Bedirhan Eren\.m2\repository\org\mongodb\mongodb-driver-core\5.2.1\mongodb-driver-core-5.2.1.jar
[DEBUG]  C:\Users\Bedirhan Eren\.m2\repository\org\springframework\data\spring-data-mongodb\4.4.1\spring-data-mongodb-4.4.1.jar
[DEBUG]  C:\Users\Bedirhan Eren\.m2\repository\org\springframework\spring-tx\6.2.1\spring-tx-6.2.1.jar
[DEBUG]  C:\Users\Bedirhan Eren\.m2\repository\org\springframework\spring-context\6.2.1\spring-context-6.2.1.jar
[DEBUG]  C:\Users\Bedirhan Eren\.m2\repository\org\springframework\spring-beans\6.2.1\spring-beans-6.2.1.jar
[DEBUG]  C:\Users\Bedirhan Eren\.m2\repository\org\springframework\spring-expression\6.2.1\spring-expression-6.2.1.jar
[DEBUG]  C:\Users\Bedirhan Eren\.m2\repository\org\springframework\data\spring-data-commons\3.4.1\spring-data-commons-3.4.1.jar
[DEBUG]  C:\Users\Bedirhan Eren\.m2\repository\org\slf4j\slf4j-api\2.0.16\slf4j-api-2.0.16.jar
[DEBUG]  C:\Users\Bedirhan Eren\.m2\repository\org\jsoup\jsoup\1.17.2\jsoup-1.17.2.jar
[DEBUG]  C:\Users\Bedirhan Eren\.m2\repository\org\springframework\boot\spring-boot-starter-web\3.4.1\spring-boot-starter-web-3.4.1.jar
[DEBUG]  C:\Users\Bedirhan Eren\.m2\repository\org\springframework\boot\spring-boot-starter-json\3.4.1\spring-boot-starter-json-3.4.1.jar
[DEBUG]  C:\Users\Bedirhan Eren\.m2\repository\com\fasterxml\jackson\core\jackson-databind\2.18.2\jackson-databind-2.18.2.jar
[DEBUG]  C:\Users\Bedirhan Eren\.m2\repository\com\fasterxml\jackson\core\jackson-annotations\2.18.2\jackson-annotations-2.18.2.jar
[DEBUG]  C:\Users\Bedirhan Eren\.m2\repository\com\fasterxml\jackson\core\jackson-core\2.18.2\jackson-core-2.18.2.jar
[DEBUG]  C:\Users\Bedirhan Eren\.m2\repository\com\fasterxml\jackson\datatype\jackson-datatype-jdk8\2.18.2\jackson-datatype-jdk8-2.18.2.jar
[DEBUG]  C:\Users\Bedirhan Eren\.m2\repository\com\fasterxml\jackson\datatype\jackson-datatype-jsr310\2.18.2\jackson-datatype-jsr310-2.18.2.jar
[DEBUG]  C:\Users\Bedirhan Eren\.m2\repository\com\fasterxml\jackson\module\jackson-module-parameter-names\2.18.2\jackson-module-parameter-names-2.18.2.jar
[DEBUG]  C:\Users\Bedirhan Eren\.m2\repository\org\springframework\boot\spring-boot-starter-tomcat\3.4.1\spring-boot-starter-tomcat-3.4.1.jar
[DEBUG]  C:\Users\Bedirhan Eren\.m2\repository\org\apache\tomcat\embed\tomcat-embed-core\10.1.34\tomcat-embed-core-10.1.34.jar
[DEBUG]  C:\Users\Bedirhan Eren\.m2\repository\org\apache\tomcat\embed\tomcat-embed-el\10.1.34\tomcat-embed-el-10.1.34.jar
[DEBUG]  C:\Users\Bedirhan Eren\.m2\repository\org\apache\tomcat\embed\tomcat-embed-websocket\10.1.34\tomcat-embed-websocket-10.1.34.jar
[DEBUG]  C:\Users\Bedirhan Eren\.m2\repository\org\springframework\spring-web\6.2.1\spring-web-6.2.1.jar
[DEBUG]  C:\Users\Bedirhan Eren\.m2\repository\io\micrometer\micrometer-observation\1.14.2\micrometer-observation-1.14.2.jar
[DEBUG]  C:\Users\Bedirhan Eren\.m2\repository\io\micrometer\micrometer-commons\1.14.2\micrometer-commons-1.14.2.jar
[DEBUG]  C:\Users\Bedirhan Eren\.m2\repository\org\springframework\spring-webmvc\6.2.1\spring-webmvc-6.2.1.jar
[DEBUG]  C:\Users\Bedirhan Eren\.m2\repository\org\springframework\spring-aop\6.2.1\spring-aop-6.2.1.jar
[DEBUG]  C:\Users\Bedirhan Eren\.m2\repository\org\springframework\boot\spring-boot-starter-webflux\3.4.1\spring-boot-starter-webflux-3.4.1.jar
[DEBUG]  C:\Users\Bedirhan Eren\.m2\repository\org\springframework\boot\spring-boot-starter-reactor-netty\3.4.1\spring-boot-starter-reactor-netty-3.4.1.jar
[DEBUG]  C:\Users\Bedirhan Eren\.m2\repository\io\projectreactor\netty\reactor-netty-http\1.2.1\reactor-netty-http-1.2.1.jar
[DEBUG]  C:\Users\Bedirhan Eren\.m2\repository\io\netty\netty-codec-http\4.1.116.Final\netty-codec-http-4.1.116.Final.jar
[DEBUG]  C:\Users\Bedirhan Eren\.m2\repository\io\netty\netty-common\4.1.116.Final\netty-common-4.1.116.Final.jar
[DEBUG]  C:\Users\Bedirhan Eren\.m2\repository\io\netty\netty-buffer\4.1.116.Final\netty-buffer-4.1.116.Final.jar
[DEBUG]  C:\Users\Bedirhan Eren\.m2\repository\io\netty\netty-transport\4.1.116.Final\netty-transport-4.1.116.Final.jar
[DEBUG]  C:\Users\Bedirhan Eren\.m2\repository\io\netty\netty-codec\4.1.116.Final\netty-codec-4.1.116.Final.jar
[DEBUG]  C:\Users\Bedirhan Eren\.m2\repository\io\netty\netty-handler\4.1.116.Final\netty-handler-4.1.116.Final.jar
[DEBUG]  C:\Users\Bedirhan Eren\.m2\repository\io\netty\netty-codec-http2\4.1.116.Final\netty-codec-http2-4.1.116.Final.jar
[DEBUG]  C:\Users\Bedirhan Eren\.m2\repository\io\netty\netty-resolver-dns\4.1.116.Final\netty-resolver-dns-4.1.116.Final.jar
[DEBUG]  C:\Users\Bedirhan Eren\.m2\repository\io\netty\netty-resolver\4.1.116.Final\netty-resolver-4.1.116.Final.jar
[DEBUG]  C:\Users\Bedirhan Eren\.m2\repository\io\netty\netty-codec-dns\4.1.116.Final\netty-codec-dns-4.1.116.Final.jar
[DEBUG]  C:\Users\Bedirhan Eren\.m2\repository\io\netty\netty-resolver-dns-native-macos\4.1.116.Final\netty-resolver-dns-native-macos-4.1.116.Final-osx-x86_64.jar
[DEBUG]  C:\Users\Bedirhan Eren\.m2\repository\io\netty\netty-resolver-dns-classes-macos\4.1.116.Final\netty-resolver-dns-classes-macos-4.1.116.Final.jar
[DEBUG]  C:\Users\Bedirhan Eren\.m2\repository\io\netty\netty-transport-native-epoll\4.1.116.Final\netty-transport-native-epoll-4.1.116.Final-linux-x86_64.jar
[DEBUG]  C:\Users\Bedirhan Eren\.m2\repository\io\netty\netty-transport-native-unix-common\4.1.116.Final\netty-transport-native-unix-common-4.1.116.Final.jar
[DEBUG]  C:\Users\Bedirhan Eren\.m2\repository\io\netty\netty-transport-classes-epoll\4.1.116.Final\netty-transport-classes-epoll-4.1.116.Final.jar
[DEBUG]  C:\Users\Bedirhan Eren\.m2\repository\io\projectreactor\netty\reactor-netty-core\1.2.1\reactor-netty-core-1.2.1.jar
[DEBUG]  C:\Users\Bedirhan Eren\.m2\repository\io\netty\netty-handler-proxy\4.1.116.Final\netty-handler-proxy-4.1.116.Final.jar
[DEBUG]  C:\Users\Bedirhan Eren\.m2\repository\io\netty\netty-codec-socks\4.1.116.Final\netty-codec-socks-4.1.116.Final.jar
[DEBUG]  C:\Users\Bedirhan Eren\.m2\repository\org\springframework\spring-webflux\6.2.1\spring-webflux-6.2.1.jar
[DEBUG]  C:\Users\Bedirhan Eren\.m2\repository\io\projectreactor\reactor-core\3.7.1\reactor-core-3.7.1.jar
[DEBUG]  C:\Users\Bedirhan Eren\.m2\repository\org\reactivestreams\reactive-streams\1.0.4\reactive-streams-1.0.4.jar
[DEBUG]  C:\Users\Bedirhan Eren\.m2\repository\org\springframework\spring-core\6.2.1\spring-core-6.2.1.jar
[DEBUG]  C:\Users\Bedirhan Eren\.m2\repository\org\springframework\spring-jcl\6.2.1\spring-jcl-6.2.1.jar
[DEBUG]  C:\Users\Bedirhan Eren\.m2\repository\org\springframework\boot\spring-boot\3.4.1\spring-boot-3.4.1.jar
[DEBUG]  C:\Users\Bedirhan Eren\.m2\repository\org\springframework\boot\spring-boot-autoconfigure\3.4.1\spring-boot-autoconfigure-3.4.1.jar
[DEBUG]  C:\Users\Bedirhan Eren\.m2\repository\org\projectlombok\lombok\1.18.36\lombok-1.18.36.jar
[DEBUG]  C:\Users\Bedirhan Eren\.m2\repository\org\apache\commons\commons-text\1.11.0\commons-text-1.11.0.jar
[DEBUG]  C:\Users\Bedirhan Eren\.m2\repository\org\apache\commons\commons-lang3\3.17.0\commons-lang3-3.17.0.jar
[DEBUG] Source roots:
[DEBUG]  C:\Users\Bedirhan Eren\IdeaProjects\CityEventMonitor\src\main\java
[DEBUG]  C:\Users\Bedirhan Eren\IdeaProjects\CityEventMonitor\target\generated-sources\annotations
[DEBUG] Command line options:
[DEBUG] -d C:\Users\Bedirhan Eren\IdeaProjects\CityEventMonitor\target\classes -classpath C:\Users\Bedirhan Eren\IdeaProjects\CityEventMonitor\target\classes;C:\Users\Bedirhan Eren\.m2\repository\org\springframework\boot\spring-boot-starter-data-mongodb\3.4.1\spring-boot-starter-data-mongodb-3.4.1.jar;C:\Users\Bedirhan Eren\.m2\repository\org\springframework\boot\spring-boot-starter\3.4.1\spring-boot-starter-3.4.1.jar;C:\Users\Bedirhan Eren\.m2\repository\org\springframework\boot\spring-boot-starter-logging\3.4.1\spring-boot-starter-logging-3.4.1.jar;C:\Users\Bedirhan Eren\.m2\repository\ch\qos\logback\logback-classic\1.5.12\logback-classic-1.5.12.jar;C:\Users\Bedirhan Eren\.m2\repository\ch\qos\logback\logback-core\1.5.12\logback-core-1.5.12.jar;C:\Users\Bedirhan Eren\.m2\repository\org\apache\logging\log4j\log4j-to-slf4j\2.24.3\log4j-to-slf4j-2.24.3.jar;C:\Users\Bedirhan Eren\.m2\repository\org\apache\logging\log4j\log4j-api\2.24.3\log4j-api-2.24.3.jar;C:\Users\Bedirhan Eren\.m2\repository\org\slf4j\jul-to-slf4j\2.0.16\jul-to-slf4j-2.0.16.jar;C:\Users\Bedirhan Eren\.m2\repository\jakarta\annotation\jakarta.annotation-api\2.1.1\jakarta.annotation-api-2.1.1.jar;C:\Users\Bedirhan Eren\.m2\repository\org\yaml\snakeyaml\2.3\snakeyaml-2.3.jar;C:\Users\Bedirhan Eren\.m2\repository\org\mongodb\mongodb-driver-sync\5.2.1\mongodb-driver-sync-5.2.1.jar;C:\Users\Bedirhan Eren\.m2\repository\org\mongodb\bson\5.2.1\bson-5.2.1.jar;C:\Users\Bedirhan Eren\.m2\repository\org\mongodb\mongodb-driver-core\5.2.1\mongodb-driver-core-5.2.1.jar;C:\Users\Bedirhan Eren\.m2\repository\org\springframework\data\spring-data-mongodb\4.4.1\spring-data-mongodb-4.4.1.jar;C:\Users\Bedirhan Eren\.m2\repository\org\springframework\spring-tx\6.2.1\spring-tx-6.2.1.jar;C:\Users\Bedirhan Eren\.m2\repository\org\springframework\spring-context\6.2.1\spring-context-6.2.1.jar;C:\Users\Bedirhan Eren\.m2\repository\org\springframework\spring-beans\6.2.1\spring-beans-6.2.1.jar;C:\Users\Bedirhan Eren\.m2\repository\org\springframework\spring-expression\6.2.1\spring-expression-6.2.1.jar;C:\Users\Bedirhan Eren\.m2\repository\org\springframework\data\spring-data-commons\3.4.1\spring-data-commons-3.4.1.jar;C:\Users\Bedirhan Eren\.m2\repository\org\slf4j\slf4j-api\2.0.16\slf4j-api-2.0.16.jar;C:\Users\Bedirhan Eren\.m2\repository\org\jsoup\jsoup\1.17.2\jsoup-1.17.2.jar;C:\Users\Bedirhan Eren\.m2\repository\org\springframework\boot\spring-boot-starter-web\3.4.1\spring-boot-starter-web-3.4.1.jar;C:\Users\Bedirhan Eren\.m2\repository\org\springframework\boot\spring-boot-starter-json\3.4.1\spring-boot-starter-json-3.4.1.jar;C:\Users\Bedirhan Eren\.m2\repository\com\fasterxml\jackson\core\jackson-databind\2.18.2\jackson-databind-2.18.2.jar;C:\Users\Bedirhan Eren\.m2\repository\com\fasterxml\jackson\core\jackson-annotations\2.18.2\jackson-annotations-2.18.2.jar;C:\Users\Bedirhan Eren\.m2\repository\com\fasterxml\jackson\core\jackson-core\2.18.2\jackson-core-2.18.2.jar;C:\Users\Bedirhan Eren\.m2\repository\com\fasterxml\jackson\datatype\jackson-datatype-jdk8\2.18.2\jackson-datatype-jdk8-2.18.2.jar;C:\Users\Bedirhan Eren\.m2\repository\com\fasterxml\jackson\datatype\jackson-datatype-jsr310\2.18.2\jackson-datatype-jsr310-2.18.2.jar;C:\Users\Bedirhan Eren\.m2\repository\com\fasterxml\jackson\module\jackson-module-parameter-names\2.18.2\jackson-module-parameter-names-2.18.2.jar;C:\Users\Bedirhan Eren\.m2\repository\org\springframework\boot\spring-boot-starter-tomcat\3.4.1\spring-boot-starter-tomcat-3.4.1.jar;C:\Users\Bedirhan Eren\.m2\repository\org\apache\tomcat\embed\tomcat-embed-core\10.1.34\tomcat-embed-core-10.1.34.jar;C:\Users\Bedirhan Eren\.m2\repository\org\apache\tomcat\embed\tomcat-embed-el\10.1.34\tomcat-embed-el-10.1.34.jar;C:\Users\Bedirhan Eren\.m2\repository\org\apache\tomcat\embed\tomcat-embed-websocket\10.1.34\tomcat-embed-websocket-10.1.34.jar;C:\Users\Bedirhan Eren\.m2\repository\org\springframework\spring-web\6.2.1\spring-web-6.2.1.jar;C:\Users\Bedirhan Eren\.m2\repository\io\micrometer\micrometer-observation\1.14.2\micrometer-observation-1.14.2.jar;C:\Users\Bedirhan Eren\.m2\repository\io\micrometer\micrometer-commons\1.14.2\micrometer-commons-1.14.2.jar;C:\Users\Bedirhan Eren\.m2\repository\org\springframework\spring-webmvc\6.2.1\spring-webmvc-6.2.1.jar;C:\Users\Bedirhan Eren\.m2\repository\org\springframework\spring-aop\6.2.1\spring-aop-6.2.1.jar;C:\Users\Bedirhan Eren\.m2\repository\org\springframework\boot\spring-boot-starter-webflux\3.4.1\spring-boot-starter-webflux-3.4.1.jar;C:\Users\Bedirhan Eren\.m2\repository\org\springframework\boot\spring-boot-starter-reactor-netty\3.4.1\spring-boot-starter-reactor-netty-3.4.1.jar;C:\Users\Bedirhan Eren\.m2\repository\io\projectreactor\netty\reactor-netty-http\1.2.1\reactor-netty-http-1.2.1.jar;C:\Users\Bedirhan Eren\.m2\repository\io\netty\netty-codec-http\4.1.116.Final\netty-codec-http-4.1.116.Final.jar;C:\Users\Bedirhan Eren\.m2\repository\io\netty\netty-common\4.1.116.Final\netty-common-4.1.116.Final.jar;C:\Users\Bedirhan Eren\.m2\repository\io\netty\netty-buffer\4.1.116.Final\netty-buffer-4.1.116.Final.jar;C:\Users\Bedirhan Eren\.m2\repository\io\netty\netty-transport\4.1.116.Final\netty-transport-4.1.116.Final.jar;C:\Users\Bedirhan Eren\.m2\repository\io\netty\netty-codec\4.1.116.Final\netty-codec-4.1.116.Final.jar;C:\Users\Bedirhan Eren\.m2\repository\io\netty\netty-handler\4.1.116.Final\netty-handler-4.1.116.Final.jar;C:\Users\Bedirhan Eren\.m2\repository\io\netty\netty-codec-http2\4.1.116.Final\netty-codec-http2-4.1.116.Final.jar;C:\Users\Bedirhan Eren\.m2\repository\io\netty\netty-resolver-dns\4.1.116.Final\netty-resolver-dns-4.1.116.Final.jar;C:\Users\Bedirhan Eren\.m2\repository\io\netty\netty-resolver\4.1.116.Final\netty-resolver-4.1.116.Final.jar;C:\Users\Bedirhan Eren\.m2\repository\io\netty\netty-codec-dns\4.1.116.Final\netty-codec-dns-4.1.116.Final.jar;C:\Users\Bedirhan Eren\.m2\repository\io\netty\netty-resolver-dns-native-macos\4.1.116.Final\netty-resolver-dns-native-macos-4.1.116.Final-osx-x86_64.jar;C:\Users\Bedirhan Eren\.m2\repository\io\netty\netty-resolver-dns-classes-macos\4.1.116.Final\netty-resolver-dns-classes-macos-4.1.116.Final.jar;C:\Users\Bedirhan Eren\.m2\repository\io\netty\netty-transport-native-epoll\4.1.116.Final\netty-transport-native-epoll-4.1.116.Final-linux-x86_64.jar;C:\Users\Bedirhan Eren\.m2\repository\io\netty\netty-transport-native-unix-common\4.1.116.Final\netty-transport-native-unix-common-4.1.116.Final.jar;C:\Users\Bedirhan Eren\.m2\repository\io\netty\netty-transport-classes-epoll\4.1.116.Final\netty-transport-classes-epoll-4.1.116.Final.jar;C:\Users\Bedirhan Eren\.m2\repository\io\projectreactor\netty\reactor-netty-core\1.2.1\reactor-netty-core-1.2.1.jar;C:\Users\Bedirhan Eren\.m2\repository\io\netty\netty-handler-proxy\4.1.116.Final\netty-handler-proxy-4.1.116.Final.jar;C:\Users\Bedirhan Eren\.m2\repository\io\netty\netty-codec-socks\4.1.116.Final\netty-codec-socks-4.1.116.Final.jar;C:\Users\Bedirhan Eren\.m2\repository\org\springframework\spring-webflux\6.2.1\spring-webflux-6.2.1.jar;C:\Users\Bedirhan Eren\.m2\repository\io\projectreactor\reactor-core\3.7.1\reactor-core-3.7.1.jar;C:\Users\Bedirhan Eren\.m2\repository\org\reactivestreams\reactive-streams\1.0.4\reactive-streams-1.0.4.jar;C:\Users\Bedirhan Eren\.m2\repository\org\springframework\spring-core\6.2.1\spring-core-6.2.1.jar;C:\Users\Bedirhan Eren\.m2\repository\org\springframework\spring-jcl\6.2.1\spring-jcl-6.2.1.jar;C:\Users\Bedirhan Eren\.m2\repository\org\springframework\boot\spring-boot\3.4.1\spring-boot-3.4.1.jar;C:\Users\Bedirhan Eren\.m2\repository\org\springframework\boot\spring-boot-autoconfigure\3.4.1\spring-boot-autoconfigure-3.4.1.jar;C:\Users\Bedirhan Eren\.m2\repository\org\projectlombok\lombok\1.18.36\lombok-1.18.36.jar;C:\Users\Bedirhan Eren\.m2\repository\org\apache\commons\commons-text\1.11.0\commons-text-1.11.0.jar;C:\Users\Bedirhan Eren\.m2\repository\org\apache\commons\commons-lang3\3.17.0\commons-lang3-3.17.0.jar; -sourcepath C:\Users\Bedirhan Eren\IdeaProjects\CityEventMonitor\src\main\java;C:\Users\Bedirhan Eren\IdeaProjects\CityEventMonitor\target\generated-sources\annotations; -s C:\Users\Bedirhan Eren\IdeaProjects\CityEventMonitor\target\generated-sources\annotations -processorpath C:\Users\Bedirhan Eren\.m2\repository\org\projectlombok\lombok\1.18.36\lombok-1.18.36.jar; -g -parameters --release 17 -encoding UTF-8 -XDuseUnsharedTable=true
[DEBUG] incrementalBuildHelper#beforeRebuildExecution
[INFO] Compiling 44 source files with javac [debug parameters release 17] to target\classes
[DEBUG] incrementalBuildHelper#afterRebuildExecution
[INFO] -------------------------------------------------------------
[ERROR] COMPILATION ERROR : 
[INFO] -------------------------------------------------------------
[ERROR] /C:/Users/Bedirhan Eren/IdeaProjects/CityEventMonitor/src/main/java/com/bedirhan/cityeventmonitor/TestClassifier.java:[1,1] illegal character: '\ufeff'
[ERROR] /C:/Users/Bedirhan Eren/IdeaProjects/CityEventMonitor/src/main/java/com/bedirhan/cityeventmonitor/TestClassifier.java:[1,10] class, interface, enum, or record expected
[ERROR] /C:/Users/Bedirhan Eren/IdeaProjects/CityEventMonitor/src/main/java/com/bedirhan/cityeventmonitor/TestClassifier.java:[3,1] class, interface, enum, or record expected
[INFO] 3 errors 
[INFO] -------------------------------------------------------------
[INFO] ------------------------------------------------------------------------
[INFO] BUILD FAILURE
[INFO] ------------------------------------------------------------------------
[INFO] Total time:  2.566 s
[INFO] Finished at: 2026-04-02T22:15:17+03:00
[INFO] ------------------------------------------------------------------------
[ERROR] Failed to execute goal org.apache.maven.plugins:maven-compiler-plugin:3.13.0:compile (default-compile) on project CityEventMonitor: Compilation failure: Compilation failure: 
[ERROR] /C:/Users/Bedirhan Eren/IdeaProjects/CityEventMonitor/src/main/java/com/bedirhan/cityeventmonitor/TestClassifier.java:[1,1] illegal character: '\ufeff'
[ERROR] /C:/Users/Bedirhan Eren/IdeaProjects/CityEventMonitor/src/main/java/com/bedirhan/cityeventmonitor/TestClassifier.java:[1,10] class, interface, enum, or record expected
[ERROR] /C:/Users/Bedirhan Eren/IdeaProjects/CityEventMonitor/src/main/java/com/bedirhan/cityeventmonitor/TestClassifier.java:[3,1] class, interface, enum, or record expected
[ERROR] -> [Help 1]
org.apache.maven.lifecycle.LifecycleExecutionException: Failed to execute goal org.apache.maven.plugins:maven-compiler-plugin:3.13.0:compile (default-compile) on project CityEventMonitor: Compilation failure
    at org.apache.maven.lifecycle.internal.MojoExecutor.doExecute2 (MojoExecutor.java:333)
    at org.apache.maven.lifecycle.internal.MojoExecutor.doExecute (MojoExecutor.java:316)
    at org.apache.maven.lifecycle.internal.MojoExecutor.execute (MojoExecutor.java:212)
    at org.apache.maven.lifecycle.internal.MojoExecutor.execute (MojoExecutor.java:174)
    at org.apache.maven.lifecycle.internal.MojoExecutor.access$000 (MojoExecutor.java:75)
    at org.apache.maven.lifecycle.internal.MojoExecutor$1.run (MojoExecutor.java:162)
    at org.apache.maven.plugin.DefaultMojosExecutionStrategy.execute (DefaultMojosExecutionStrategy.java:39)
    at org.apache.maven.lifecycle.internal.MojoExecutor.execute (MojoExecutor.java:159)
    at org.apache.maven.lifecycle.internal.LifecycleModuleBuilder.buildProject (LifecycleModuleBuilder.java:105)
    at org.apache.maven.lifecycle.internal.LifecycleModuleBuilder.buildProject (LifecycleModuleBuilder.java:73)
    at org.apache.maven.lifecycle.internal.builder.singlethreaded.SingleThreadedBuilder.build (SingleThreadedBuilder.java:53)
    at org.apache.maven.lifecycle.internal.LifecycleStarter.execute (LifecycleStarter.java:118)
    at org.apache.maven.DefaultMaven.doExecute (DefaultMaven.java:261)
    at org.apache.maven.DefaultMaven.doExecute (DefaultMaven.java:173)
    at org.apache.maven.DefaultMaven.execute (DefaultMaven.java:101)
    at org.apache.maven.cli.MavenCli.execute (MavenCli.java:919)
    at org.apache.maven.cli.MavenCli.doMain (MavenCli.java:285)
    at org.apache.maven.cli.MavenCli.main (MavenCli.java:207)
    at jdk.internal.reflect.DirectMethodHandleAccessor.invoke (DirectMethodHandleAccessor.java:103)
    at java.lang.reflect.Method.invoke (Method.java:580)
    at org.codehaus.plexus.classworlds.launcher.Launcher.launchEnhanced (Launcher.java:255)
    at org.codehaus.plexus.classworlds.launcher.Launcher.launch (Launcher.java:201)
    at org.codehaus.plexus.classworlds.launcher.Launcher.mainWithExitCode (Launcher.java:361)
    at org.codehaus.plexus.classworlds.launcher.Launcher.main (Launcher.java:314)
Caused by: org.apache.maven.plugin.compiler.CompilationFailureException: Compilation failure
    at org.apache.maven.plugin.compiler.AbstractCompilerMojo.execute (AbstractCompilerMojo.java:1309)
    at org.apache.maven.plugin.compiler.CompilerMojo.execute (CompilerMojo.java:215)
    at org.apache.maven.plugin.DefaultBuildPluginManager.executeMojo (DefaultBuildPluginManager.java:126)
    at org.apache.maven.lifecycle.internal.MojoExecutor.doExecute2 (MojoExecutor.java:328)
    at org.apache.maven.lifecycle.internal.MojoExecutor.doExecute (MojoExecutor.java:316)
    at org.apache.maven.lifecycle.internal.MojoExecutor.execute (MojoExecutor.java:212)
    at org.apache.maven.lifecycle.internal.MojoExecutor.execute (MojoExecutor.java:174)
    at org.apache.maven.lifecycle.internal.MojoExecutor.access$000 (MojoExecutor.java:75)
    at org.apache.maven.lifecycle.internal.MojoExecutor$1.run (MojoExecutor.java:162)
    at org.apache.maven.plugin.DefaultMojosExecutionStrategy.execute (DefaultMojosExecutionStrategy.java:39)
    at org.apache.maven.lifecycle.internal.MojoExecutor.execute (MojoExecutor.java:159)
    at org.apache.maven.lifecycle.internal.LifecycleModuleBuilder.buildProject (LifecycleModuleBuilder.java:105)
    at org.apache.maven.lifecycle.internal.LifecycleModuleBuilder.buildProject (LifecycleModuleBuilder.java:73)
    at org.apache.maven.lifecycle.internal.builder.singlethreaded.SingleThreadedBuilder.build (SingleThreadedBuilder.java:53)
    at org.apache.maven.lifecycle.internal.LifecycleStarter.execute (LifecycleStarter.java:118)
    at org.apache.maven.DefaultMaven.doExecute (DefaultMaven.java:261)
    at org.apache.maven.DefaultMaven.doExecute (DefaultMaven.java:173)
    at org.apache.maven.DefaultMaven.execute (DefaultMaven.java:101)
    at org.apache.maven.cli.MavenCli.execute (MavenCli.java:919)
    at org.apache.maven.cli.MavenCli.doMain (MavenCli.java:285)
    at org.apache.maven.cli.MavenCli.main (MavenCli.java:207)
    at jdk.internal.reflect.DirectMethodHandleAccessor.invoke (DirectMethodHandleAccessor.java:103)
    at java.lang.reflect.Method.invoke (Method.java:580)
    at org.codehaus.plexus.classworlds.launcher.Launcher.launchEnhanced (Launcher.java:255)
    at org.codehaus.plexus.classworlds.launcher.Launcher.launch (Launcher.java:201)
    at org.codehaus.plexus.classworlds.launcher.Launcher.mainWithExitCode (Launcher.java:361)
    at org.codehaus.plexus.classworlds.launcher.Launcher.main (Launcher.java:314)
[ERROR] 
[ERROR] 
[ERROR] For more information about the errors and possible solutions, please read the following articles:
[ERROR] [Help 1] http://cwiki.apache.org/confluence/display/MAVEN/MojoFailureException
[DEBUG] Shutting down adapter factory; available factories [file-lock, rwlock-local, semaphore-local, noop]; available name mappers [discriminating, file-gaecv, file-gav, file-hgaecv, file-hgav, file-static, gaecv, gav, static]
[DEBUG] Shutting down 'file-lock' factory
[DEBUG] Shutting down 'rwlock-local' factory
[DEBUG] Shutting down 'semaphore-local' factory
[DEBUG] Shutting down 'noop' factory
